2025-03-26 10:27:46,052 | __main__ | INFO | Logger initialisé avec fichier : logs/pipeline/observed\pipeline_obs_to_nc_download_2025-03-26-10-27.log
2025-03-26 10:27:46,052 | __main__ | INFO | Démarrage du pipeline observations (ZIP) → .nc avec la config : config/observed_settings.yaml
2025-03-26 10:27:46,053 | __main__ | INFO | --- Début du téléchargement des ZIP
2025-03-26 10:27:46,055 | __main__ | INFO | Fichier échelle quotidienne déjà présent pour le département 01
2025-03-26 10:27:46,055 | __main__ | INFO | Fichier échelle horaire_1950-1959 déjà présent pour le département 01
2025-03-26 10:27:46,055 | __main__ | INFO | Fichier échelle quotidienne déjà présent pour le département 02
2025-03-26 10:27:46,060 | __main__ | INFO | Fichier échelle horaire_1950-1959 déjà présent pour le département 02
2025-03-26 10:27:46,060 | __main__ | INFO | Fichier échelle quotidienne déjà présent pour le département 03
2025-03-26 10:27:46,061 | __main__ | INFO | Fichier échelle horaire_1950-1959 déjà présent pour le département 03
2025-03-26 10:27:46,061 | __main__ | INFO | Fichier échelle quotidienne déjà présent pour le département 04
2025-03-26 10:27:46,062 | __main__ | INFO | Fichier échelle horaire_1950-1959 déjà présent pour le département 04
2025-03-26 10:27:46,062 | __main__ | INFO | Fichier échelle quotidienne déjà présent pour le département 05
2025-03-26 10:27:46,062 | __main__ | INFO | Fichier échelle horaire_1950-1959 déjà présent pour le département 05
2025-03-26 10:27:46,062 | __main__ | INFO | Fichier échelle quotidienne déjà présent pour le département 06
2025-03-26 10:27:46,063 | __main__ | INFO | Fichier échelle horaire_1950-1959 déjà présent pour le département 06
2025-03-26 10:27:46,063 | __main__ | INFO | Fichier échelle quotidienne déjà présent pour le département 07
2025-03-26 10:27:46,064 | __main__ | INFO | Fichier échelle quotidienne déjà présent pour le département 08
2025-03-26 10:27:46,064 | __main__ | INFO | Fichier échelle horaire_1950-1959 déjà présent pour le département 08
2025-03-26 10:27:46,064 | __main__ | INFO | Fichier échelle horaire_1960-1969 déjà présent pour le département 01
2025-03-26 10:27:46,065 | __main__ | INFO | Fichier échelle horaire_1960-1969 déjà présent pour le département 02
2025-03-26 10:27:46,065 | __main__ | INFO | Fichier échelle horaire_1950-1959 déjà présent pour le département 09
2025-03-26 10:27:46,065 | __main__ | INFO | Fichier échelle quotidienne déjà présent pour le département 09
2025-03-26 10:27:46,066 | __main__ | INFO | Fichier échelle quotidienne déjà présent pour le département 10
2025-03-26 10:27:46,067 | __main__ | INFO | Fichier échelle horaire_1960-1969 déjà présent pour le département 03
2025-03-26 10:27:46,067 | __main__ | INFO | Fichier échelle horaire_1950-1959 déjà présent pour le département 10
2025-03-26 10:27:46,067 | __main__ | INFO | Fichier échelle horaire_1960-1969 déjà présent pour le département 04
2025-03-26 10:27:46,067 | __main__ | INFO | Fichier échelle horaire_1960-1969 déjà présent pour le département 05
2025-03-26 10:27:46,067 | __main__ | INFO | Fichier échelle quotidienne déjà présent pour le département 11
2025-03-26 10:27:46,067 | __main__ | INFO | Fichier échelle horaire_1950-1959 déjà présent pour le département 11
2025-03-26 10:27:46,068 | __main__ | INFO | Fichier échelle horaire_1960-1969 déjà présent pour le département 06
2025-03-26 10:27:46,068 | __main__ | INFO | Fichier échelle quotidienne déjà présent pour le département 12
2025-03-26 10:27:46,068 | __main__ | INFO | Fichier échelle horaire_1950-1959 déjà présent pour le département 12
2025-03-26 10:27:46,069 | __main__ | INFO | Fichier échelle horaire_1960-1969 déjà présent pour le département 08
2025-03-26 10:27:46,070 | __main__ | INFO | Fichier échelle horaire_1970-1979 déjà présent pour le département 01
2025-03-26 10:27:46,070 | __main__ | INFO | Fichier échelle horaire_1970-1979 déjà présent pour le département 02
2025-03-26 10:27:46,070 | __main__ | INFO | Fichier échelle horaire_1960-1969 déjà présent pour le département 09
2025-03-26 10:27:46,070 | __main__ | INFO | Fichier échelle quotidienne déjà présent pour le département 13
2025-03-26 10:27:46,070 | __main__ | INFO | Fichier échelle horaire_1950-1959 déjà présent pour le département 13
2025-03-26 10:27:46,071 | __main__ | INFO | Fichier échelle horaire_1970-1979 déjà présent pour le département 03
2025-03-26 10:27:46,071 | __main__ | INFO | Fichier échelle horaire_1960-1969 déjà présent pour le département 10
2025-03-26 10:27:46,071 | __main__ | INFO | Fichier échelle horaire_1970-1979 déjà présent pour le département 04
2025-03-26 10:27:46,071 | __main__ | INFO | Fichier échelle horaire_1970-1979 déjà présent pour le département 05
2025-03-26 10:27:46,072 | __main__ | INFO | Fichier échelle quotidienne déjà présent pour le département 14
2025-03-26 10:27:46,072 | __main__ | INFO | Fichier échelle horaire_1960-1969 déjà présent pour le département 11
2025-03-26 10:27:46,072 | __main__ | INFO | Fichier échelle horaire_1970-1979 déjà présent pour le département 06
2025-03-26 10:27:46,072 | __main__ | INFO | Fichier échelle horaire_1950-1959 déjà présent pour le département 14
2025-03-26 10:27:46,073 | __main__ | INFO | Fichier échelle horaire_1970-1979 déjà présent pour le département 08
2025-03-26 10:27:46,073 | __main__ | INFO | Fichier échelle horaire_1980-1989 déjà présent pour le département 01
2025-03-26 10:27:46,073 | __main__ | INFO | Fichier échelle horaire_1980-1989 déjà présent pour le département 02
2025-03-26 10:27:46,072 | __main__ | INFO | Fichier échelle horaire_1960-1969 déjà présent pour le département 12
2025-03-26 10:27:46,074 | __main__ | INFO | Fichier échelle horaire_1970-1979 déjà présent pour le département 09
2025-03-26 10:27:46,075 | __main__ | INFO | Fichier échelle quotidienne déjà présent pour le département 15
2025-03-26 10:27:46,075 | __main__ | INFO | Fichier échelle horaire_1960-1969 déjà présent pour le département 13
2025-03-26 10:27:46,075 | __main__ | INFO | Fichier échelle horaire_1980-1989 déjà présent pour le département 03
2025-03-26 10:27:46,075 | __main__ | INFO | Fichier échelle horaire_1970-1979 déjà présent pour le département 10
2025-03-26 10:27:46,076 | __main__ | INFO | Fichier échelle horaire_1980-1989 déjà présent pour le département 05
2025-03-26 10:27:46,076 | __main__ | INFO | Fichier échelle horaire_1980-1989 déjà présent pour le département 04
2025-03-26 10:27:46,076 | __main__ | INFO | Fichier échelle horaire_1950-1959 déjà présent pour le département 15
2025-03-26 10:27:46,076 | __main__ | INFO | Fichier échelle horaire_1970-1979 déjà présent pour le département 11
2025-03-26 10:27:46,077 | __main__ | INFO | Fichier échelle horaire_1960-1969 déjà présent pour le département 14
2025-03-26 10:27:46,077 | __main__ | INFO | Fichier échelle horaire_1980-1989 déjà présent pour le département 06
2025-03-26 10:27:46,077 | __main__ | INFO | Fichier échelle horaire_1980-1989 déjà présent pour le département 08
2025-03-26 10:27:46,077 | __main__ | INFO | Fichier échelle horaire_1990-1999 déjà présent pour le département 02
2025-03-26 10:27:46,078 | __main__ | INFO | Fichier échelle horaire_1990-1999 déjà présent pour le département 01
2025-03-26 10:27:46,078 | __main__ | INFO | Fichier échelle horaire_1970-1979 déjà présent pour le département 12
2025-03-26 10:27:46,078 | __main__ | INFO | Fichier échelle horaire_1980-1989 déjà présent pour le département 09
2025-03-26 10:27:46,078 | __main__ | INFO | Fichier échelle quotidienne déjà présent pour le département 16
2025-03-26 10:27:46,078 | __main__ | INFO | Fichier échelle horaire_1970-1979 déjà présent pour le département 13
2025-03-26 10:27:46,079 | __main__ | INFO | Fichier échelle horaire_1990-1999 déjà présent pour le département 03
2025-03-26 10:27:46,079 | __main__ | INFO | Fichier échelle horaire_1980-1989 déjà présent pour le département 10
2025-03-26 10:27:46,080 | __main__ | INFO | Fichier échelle horaire_1990-1999 déjà présent pour le département 05
2025-03-26 10:27:46,080 | __main__ | INFO | Fichier échelle horaire_1990-1999 déjà présent pour le département 04
2025-03-26 10:27:46,080 | __main__ | INFO | Fichier échelle horaire_1960-1969 déjà présent pour le département 15
2025-03-26 10:27:46,080 | __main__ | INFO | Fichier échelle horaire_1980-1989 déjà présent pour le département 11
2025-03-26 10:27:46,081 | __main__ | INFO | Fichier échelle horaire_1970-1979 déjà présent pour le département 14
2025-03-26 10:27:46,081 | __main__ | INFO | Fichier échelle horaire_1990-1999 déjà présent pour le département 06
2025-03-26 10:27:46,081 | __main__ | INFO | Fichier échelle horaire_1990-1999 déjà présent pour le département 08
2025-03-26 10:27:46,081 | __main__ | INFO | Fichier échelle horaire_2000-2009 déjà présent pour le département 02
2025-03-26 10:27:46,081 | __main__ | INFO | Fichier échelle horaire_2000-2009 déjà présent pour le département 01
2025-03-26 10:27:46,082 | __main__ | INFO | Fichier échelle horaire_1980-1989 déjà présent pour le département 12
2025-03-26 10:27:46,082 | __main__ | INFO | Fichier échelle horaire_1990-1999 déjà présent pour le département 09
2025-03-26 10:27:46,082 | __main__ | INFO | Fichier échelle horaire_1950-1959 déjà présent pour le département 16
2025-03-26 10:27:46,082 | __main__ | INFO | Fichier échelle horaire_1980-1989 déjà présent pour le département 13
2025-03-26 10:27:46,082 | __main__ | INFO | Fichier échelle horaire_2000-2009 déjà présent pour le département 03
2025-03-26 10:27:46,083 | __main__ | INFO | Fichier échelle horaire_1990-1999 déjà présent pour le département 10
2025-03-26 10:27:46,083 | __main__ | INFO | Fichier échelle horaire_2000-2009 déjà présent pour le département 05
2025-03-26 10:27:46,083 | __main__ | INFO | Fichier échelle horaire_2000-2009 déjà présent pour le département 04
2025-03-26 10:27:46,083 | __main__ | INFO | Fichier échelle horaire_1970-1979 déjà présent pour le département 15
2025-03-26 10:27:46,083 | __main__ | INFO | Fichier échelle horaire_1990-1999 déjà présent pour le département 11
2025-03-26 10:27:46,084 | __main__ | INFO | Fichier échelle horaire_2000-2009 déjà présent pour le département 06
2025-03-26 10:27:46,084 | __main__ | INFO | Fichier échelle horaire_1980-1989 déjà présent pour le département 14
2025-03-26 10:27:46,086 | __main__ | INFO | Fichier échelle horaire_2010-2019 déjà présent pour le département 05
2025-03-26 10:27:46,084 | __main__ | INFO | Fichier échelle horaire_2010-2019 déjà présent pour le département 02
2025-03-26 10:27:46,085 | __main__ | INFO | Fichier échelle horaire_2010-2019 déjà présent pour le département 01
2025-03-26 10:27:46,085 | __main__ | INFO | Fichier échelle horaire_1990-1999 déjà présent pour le département 12
2025-03-26 10:27:46,085 | __main__ | INFO | Fichier échelle horaire_2000-2009 déjà présent pour le département 09
2025-03-26 10:27:46,085 | __main__ | INFO | Fichier échelle horaire_1960-1969 déjà présent pour le département 16
2025-03-26 10:27:46,086 | __main__ | INFO | Fichier échelle horaire_1990-1999 déjà présent pour le département 13
2025-03-26 10:27:46,086 | __main__ | INFO | Fichier échelle horaire_2010-2019 déjà présent pour le département 03
2025-03-26 10:27:46,086 | __main__ | INFO | Fichier échelle horaire_2000-2009 déjà présent pour le département 10
2025-03-26 10:27:46,084 | __main__ | INFO | Fichier échelle horaire_2000-2009 déjà présent pour le département 08
2025-03-26 10:27:46,087 | __main__ | INFO | Fichier échelle horaire_2010-2019 déjà présent pour le département 04
2025-03-26 10:27:46,087 | __main__ | INFO | Fichier échelle horaire_1980-1989 déjà présent pour le département 15
2025-03-26 10:27:46,087 | __main__ | INFO | Fichier échelle horaire_2000-2009 déjà présent pour le département 11
2025-03-26 10:27:46,087 | __main__ | INFO | Fichier échelle horaire_2010-2019 déjà présent pour le département 06
2025-03-26 10:27:46,087 | __main__ | INFO | Fichier échelle horaire_1990-1999 déjà présent pour le département 14
2025-03-26 10:27:46,088 | __main__ | INFO | Fichier échelle horaire_2020-2023 déjà présent pour le département 05
2025-03-26 10:27:46,088 | __main__ | INFO | Fichier échelle horaire_2020-2023 déjà présent pour le département 02
2025-03-26 10:27:46,088 | __main__ | INFO | Fichier échelle horaire_2020-2023 déjà présent pour le département 01
2025-03-26 10:27:46,088 | __main__ | INFO | Fichier échelle horaire_2000-2009 déjà présent pour le département 12
2025-03-26 10:27:46,088 | __main__ | INFO | Fichier échelle horaire_2010-2019 déjà présent pour le département 09
2025-03-26 10:27:46,088 | __main__ | INFO | Fichier échelle horaire_1970-1979 déjà présent pour le département 16
2025-03-26 10:27:46,088 | __main__ | INFO | Fichier échelle horaire_2000-2009 déjà présent pour le département 13
2025-03-26 10:27:46,089 | __main__ | INFO | Fichier échelle horaire_2020-2023 déjà présent pour le département 03
2025-03-26 10:27:46,089 | __main__ | INFO | Fichier échelle horaire_2010-2019 déjà présent pour le département 10
2025-03-26 10:27:46,089 | __main__ | INFO | Fichier échelle horaire_2010-2019 déjà présent pour le département 08
2025-03-26 10:27:46,089 | __main__ | INFO | Fichier échelle horaire_2020-2023 déjà présent pour le département 04
2025-03-26 10:27:46,089 | __main__ | INFO | Fichier échelle horaire_1990-1999 déjà présent pour le département 15
2025-03-26 10:27:46,089 | __main__ | INFO | Fichier échelle horaire_2010-2019 déjà présent pour le département 11
2025-03-26 10:27:46,089 | __main__ | INFO | Fichier échelle horaire_2020-2023 déjà présent pour le département 06
2025-03-26 10:27:46,089 | __main__ | INFO | Fichier échelle horaire_2000-2009 déjà présent pour le département 14
2025-03-26 10:27:46,090 | __main__ | INFO | Fichier échelle quotidienne déjà présent pour le département 17
2025-03-26 10:27:46,090 | __main__ | INFO | Fichier échelle horaire_1950-1959 déjà présent pour le département 17
2025-03-26 10:27:46,090 | __main__ | INFO | Fichier échelle quotidienne déjà présent pour le département 18
2025-03-26 10:27:46,090 | __main__ | INFO | Fichier échelle horaire_2010-2019 déjà présent pour le département 12
2025-03-26 10:27:46,091 | __main__ | INFO | Fichier échelle horaire_2020-2023 déjà présent pour le département 09
2025-03-26 10:27:46,091 | __main__ | INFO | Fichier échelle horaire_1980-1989 déjà présent pour le département 16
2025-03-26 10:27:46,091 | __main__ | INFO | Fichier échelle horaire_2010-2019 déjà présent pour le département 13
2025-03-26 10:27:46,091 | __main__ | INFO | Fichier échelle horaire_1950-1959 déjà présent pour le département 18
2025-03-26 10:27:46,092 | __main__ | INFO | Fichier échelle horaire_2020-2023 déjà présent pour le département 10
2025-03-26 10:27:46,092 | __main__ | INFO | Fichier échelle horaire_2020-2023 déjà présent pour le département 08
2025-03-26 10:27:46,092 | __main__ | INFO | Fichier échelle quotidienne déjà présent pour le département 19
2025-03-26 10:27:46,092 | __main__ | INFO | Fichier échelle horaire_2000-2009 déjà présent pour le département 15
2025-03-26 10:27:46,092 | __main__ | INFO | Fichier échelle horaire_2020-2023 déjà présent pour le département 11
2025-03-26 10:27:46,093 | __main__ | INFO | Fichier échelle quotidienne déjà présent pour le département 20
2025-03-26 10:27:46,094 | __main__ | INFO | Fichier échelle horaire_2010-2019 déjà présent pour le département 14
2025-03-26 10:27:46,099 | __main__ | INFO | Fichier échelle quotidienne déjà présent pour le département 23
2025-03-26 10:27:46,096 | __main__ | INFO | Fichier échelle horaire_2020-2023 déjà présent pour le département 12
2025-03-26 10:27:46,096 | __main__ | INFO | Fichier échelle quotidienne déjà présent pour le département 21
2025-03-26 10:27:46,097 | __main__ | INFO | Fichier échelle horaire_1990-1999 déjà présent pour le département 16
2025-03-26 10:27:46,097 | __main__ | INFO | Fichier échelle horaire_2020-2023 déjà présent pour le département 13
2025-03-26 10:27:46,097 | __main__ | INFO | Fichier échelle horaire_1960-1969 déjà présent pour le département 18
2025-03-26 10:27:46,098 | __main__ | INFO | Fichier échelle quotidienne déjà présent pour le département 22
2025-03-26 10:27:46,098 | __main__ | INFO | Fichier échelle horaire_2010-2019 déjà présent pour le département 15
2025-03-26 10:27:46,095 | __main__ | INFO | Fichier échelle horaire_1960-1969 déjà présent pour le département 17
2025-03-26 10:27:46,100 | __main__ | INFO | Fichier échelle horaire_2020-2023 déjà présent pour le département 14
2025-03-26 10:27:46,100 | __main__ | INFO | Fichier échelle quotidienne déjà présent pour le département 24
2025-03-26 10:27:46,101 | __main__ | INFO | Fichier échelle quotidienne déjà présent pour le département 25
2025-03-26 10:27:46,102 | __main__ | INFO | Fichier échelle horaire_2000-2009 déjà présent pour le département 16
2025-03-26 10:27:46,102 | __main__ | INFO | Fichier échelle horaire_1970-1979 déjà présent pour le département 18
2025-03-26 10:27:46,103 | __main__ | INFO | Fichier échelle quotidienne déjà présent pour le département 26
2025-03-26 10:27:46,103 | __main__ | INFO | Fichier échelle horaire_2020-2023 déjà présent pour le département 15
2025-03-26 10:27:46,103 | __main__ | INFO | Fichier échelle horaire_1970-1979 déjà présent pour le département 17
2025-03-26 10:27:46,104 | __main__ | INFO | Fichier échelle quotidienne déjà présent pour le département 27
2025-03-26 10:27:46,106 | __main__ | INFO | Fichier échelle horaire_2010-2019 déjà présent pour le département 16
2025-03-26 10:27:46,106 | __main__ | INFO | Fichier échelle horaire_1980-1989 déjà présent pour le département 18
2025-03-26 10:27:46,107 | __main__ | INFO | Fichier échelle horaire_1980-1989 déjà présent pour le département 17
2025-03-26 10:27:46,106 | __main__ | INFO | Fichier échelle quotidienne déjà présent pour le département 28
2025-03-26 10:27:46,108 | __main__ | INFO | Fichier échelle horaire_2020-2023 déjà présent pour le département 16
2025-03-26 10:27:46,108 | __main__ | INFO | Fichier échelle horaire_1990-1999 déjà présent pour le département 18
2025-03-26 10:27:46,108 | __main__ | INFO | Fichier échelle quotidienne déjà présent pour le département 29
2025-03-26 10:27:46,109 | __main__ | INFO | Fichier échelle quotidienne déjà présent pour le département 30
2025-03-26 10:27:46,110 | __main__ | INFO | Fichier échelle horaire_1990-1999 déjà présent pour le département 17
2025-03-26 10:27:46,110 | __main__ | INFO | Fichier échelle horaire_2000-2009 déjà présent pour le département 18
2025-03-26 10:27:46,112 | __main__ | INFO | Fichier échelle quotidienne déjà présent pour le département 31
2025-03-26 10:27:46,113 | __main__ | INFO | Fichier échelle horaire_2000-2009 déjà présent pour le département 17
2025-03-26 10:27:46,113 | __main__ | INFO | Fichier échelle horaire_2010-2019 déjà présent pour le département 18
2025-03-26 10:27:46,114 | __main__ | INFO | Fichier échelle horaire_2010-2019 déjà présent pour le département 17
2025-03-26 10:27:46,115 | __main__ | INFO | Fichier échelle horaire_2020-2023 déjà présent pour le département 17
2025-03-26 10:27:46,116 | __main__ | INFO | Fichier échelle quotidienne déjà présent pour le département 32
2025-03-26 10:27:46,129 | __main__ | WARNING | Impossible de DL https://object.files.data.gouv.fr/meteofrance/data/synchro_ftp/BASE/HOR/H_07_1950-1959.csv.gz (status=404)
2025-03-26 10:27:46,131 | __main__ | INFO | Fichier échelle horaire_1960-1969 déjà présent pour le département 07
2025-03-26 10:27:46,131 | __main__ | INFO | Fichier échelle horaire_1970-1979 déjà présent pour le département 07
2025-03-26 10:27:46,131 | __main__ | INFO | Fichier échelle horaire_1980-1989 déjà présent pour le département 07
2025-03-26 10:27:46,131 | __main__ | INFO | Fichier échelle horaire_1990-1999 déjà présent pour le département 07
2025-03-26 10:27:46,132 | __main__ | INFO | Fichier échelle horaire_2000-2009 déjà présent pour le département 07
2025-03-26 10:27:46,132 | __main__ | INFO | Fichier échelle horaire_2010-2019 déjà présent pour le département 07
2025-03-26 10:27:46,132 | __main__ | INFO | Fichier échelle horaire_2020-2023 déjà présent pour le département 07
2025-03-26 10:27:46,133 | __main__ | INFO | Fichier échelle quotidienne déjà présent pour le département 33
2025-03-26 10:27:46,150 | __main__ | WARNING | Impossible de DL https://object.files.data.gouv.fr/meteofrance/data/synchro_ftp/BASE/HOR/H_23_1950-1959.csv.gz (status=404)
2025-03-26 10:27:46,154 | __main__ | WARNING | Impossible de DL https://object.files.data.gouv.fr/meteofrance/data/synchro_ftp/BASE/HOR/H_27_1950-1959.csv.gz (status=404)
2025-03-26 10:27:46,167 | __main__ | WARNING | Impossible de DL https://object.files.data.gouv.fr/meteofrance/data/synchro_ftp/BASE/HOR/H_32_1950-1959.csv.gz (status=404)
2025-03-26 10:27:46,183 | __main__ | INFO | Téléchargement terminé pour le département 24 à l'échelle horaire
2025-03-26 10:27:46,195 | __main__ | INFO | Téléchargement terminé pour le département 19 à l'échelle horaire
2025-03-26 10:27:46,289 | __main__ | INFO | Téléchargement terminé pour le département 32 à l'échelle horaire
2025-03-26 10:27:46,299 | __main__ | INFO | Téléchargement terminé pour le département 23 à l'échelle horaire
2025-03-26 10:27:46,346 | __main__ | INFO | Téléchargement terminé pour le département 24 à l'échelle horaire
2025-03-26 10:27:46,352 | __main__ | WARNING | Impossible de DL https://object.files.data.gouv.fr/meteofrance/data/synchro_ftp/BASE/HOR/H_32_1970-1979.csv.gz (status=404)
2025-03-26 10:27:46,462 | __main__ | INFO | Téléchargement terminé pour le département 27 à l'échelle horaire
2025-03-26 10:27:46,480 | __main__ | INFO | Téléchargement terminé pour le département 23 à l'échelle horaire
2025-03-26 10:27:46,488 | __main__ | INFO | Téléchargement terminé pour le département 19 à l'échelle horaire
2025-03-26 10:27:46,506 | __main__ | INFO | Téléchargement terminé pour le département 24 à l'échelle horaire
2025-03-26 10:27:46,590 | __main__ | INFO | Téléchargement terminé pour le département 28 à l'échelle horaire
2025-03-26 10:27:46,745 | __main__ | INFO | Téléchargement terminé pour le département 19 à l'échelle horaire
2025-03-26 10:27:46,883 | __main__ | INFO | Téléchargement terminé pour le département 23 à l'échelle horaire
2025-03-26 10:27:47,132 | __main__ | INFO | Téléchargement terminé pour le département 25 à l'échelle horaire
2025-03-26 10:27:47,231 | __main__ | INFO | Téléchargement terminé pour le département 31 à l'échelle horaire
2025-03-26 10:27:47,426 | __main__ | INFO | Téléchargement terminé pour le département 19 à l'échelle horaire
2025-03-26 10:27:47,550 | __main__ | INFO | Téléchargement terminé pour le département 27 à l'échelle horaire
2025-03-26 10:27:47,557 | __main__ | INFO | Téléchargement terminé pour le département 28 à l'échelle horaire
2025-03-26 10:27:47,784 | __main__ | INFO | Téléchargement terminé pour le département 31 à l'échelle horaire
2025-03-26 10:27:47,877 | __main__ | INFO | Téléchargement terminé pour le département 22 à l'échelle horaire
2025-03-26 10:27:48,004 | __main__ | INFO | Téléchargement terminé pour le département 26 à l'échelle horaire
2025-03-26 10:27:48,071 | __main__ | INFO | Téléchargement terminé pour le département 27 à l'échelle horaire
2025-03-26 10:27:48,218 | __main__ | INFO | Téléchargement terminé pour le département 21 à l'échelle horaire
2025-03-26 10:27:48,400 | __main__ | INFO | Téléchargement terminé pour le département 31 à l'échelle horaire
2025-03-26 10:27:48,516 | __main__ | INFO | Téléchargement terminé pour le département 25 à l'échelle horaire
2025-03-26 10:27:48,602 | __main__ | INFO | Téléchargement terminé pour le département 28 à l'échelle horaire
2025-03-26 10:27:48,720 | __main__ | INFO | Téléchargement terminé pour le département 22 à l'échelle horaire
2025-03-26 10:27:49,139 | __main__ | INFO | Téléchargement terminé pour le département 25 à l'échelle horaire
2025-03-26 10:27:49,280 | __main__ | INFO | Téléchargement terminé pour le département 26 à l'échelle horaire
2025-03-26 10:27:49,296 | __main__ | INFO | Téléchargement terminé pour le département 31 à l'échelle horaire
2025-03-26 10:27:49,637 | __main__ | INFO | Téléchargement terminé pour le département 21 à l'échelle horaire
2025-03-26 10:27:49,648 | __main__ | INFO | Téléchargement terminé pour le département 22 à l'échelle horaire
2025-03-26 10:27:49,870 | __main__ | INFO | Téléchargement terminé pour le département 30 à l'échelle horaire
2025-03-26 10:27:49,955 | __main__ | INFO | Téléchargement terminé pour le département 26 à l'échelle horaire
2025-03-26 10:27:50,066 | __main__ | INFO | Téléchargement terminé pour le département 25 à l'échelle horaire
2025-03-26 10:27:50,230 | __main__ | INFO | Téléchargement terminé pour le département 21 à l'échelle horaire
2025-03-26 10:27:50,678 | __main__ | INFO | Téléchargement terminé pour le département 26 à l'échelle horaire
2025-03-26 10:27:50,966 | __main__ | INFO | Téléchargement terminé pour le département 20 à l'échelle horaire
2025-03-26 10:27:51,432 | __main__ | INFO | Téléchargement terminé pour le département 29 à l'échelle horaire
2025-03-26 10:27:51,448 | __main__ | INFO | Téléchargement terminé pour le département 28 à l'échelle horaire
2025-03-26 10:27:51,543 | __main__ | INFO | Téléchargement terminé pour le département 33 à l'échelle horaire
2025-03-26 10:27:51,890 | __main__ | INFO | Téléchargement terminé pour le département 24 à l'échelle horaire
2025-03-26 10:27:52,188 | __main__ | INFO | Téléchargement terminé pour le département 30 à l'échelle horaire
2025-03-26 10:27:52,997 | __main__ | INFO | Téléchargement terminé pour le département 21 à l'échelle horaire
2025-03-26 10:27:52,997 | __main__ | INFO | Téléchargement terminé pour le département 27 à l'échelle horaire
2025-03-26 10:27:53,354 | __main__ | INFO | Téléchargement terminé pour le département 32 à l'échelle horaire
2025-03-26 10:27:53,943 | __main__ | INFO | Téléchargement terminé pour le département 30 à l'échelle horaire
2025-03-26 10:27:54,002 | __main__ | INFO | Téléchargement terminé pour le département 22 à l'échelle horaire
2025-03-26 10:27:55,564 | __main__ | INFO | Téléchargement terminé pour le département 29 à l'échelle horaire
2025-03-26 10:27:55,601 | __main__ | INFO | Téléchargement terminé pour le département 33 à l'échelle horaire
2025-03-26 10:27:56,395 | __main__ | INFO | Téléchargement terminé pour le département 30 à l'échelle horaire
2025-03-26 10:27:56,576 | __main__ | INFO | Téléchargement terminé pour le département 20 à l'échelle horaire
2025-03-26 10:27:58,397 | __main__ | INFO | Téléchargement terminé pour le département 33 à l'échelle horaire
2025-03-26 10:28:00,654 | __main__ | INFO | Téléchargement terminé pour le département 23 à l'échelle horaire
2025-03-26 10:28:01,502 | __main__ | INFO | Téléchargement terminé pour le département 19 à l'échelle horaire
2025-03-26 10:28:01,951 | __main__ | INFO | Téléchargement terminé pour le département 29 à l'échelle horaire
2025-03-26 10:28:03,170 | __main__ | INFO | Téléchargement terminé pour le département 20 à l'échelle horaire
2025-03-26 10:28:05,662 | __main__ | INFO | Téléchargement terminé pour le département 33 à l'échelle horaire
2025-03-26 10:28:10,505 | __main__ | INFO | Téléchargement terminé pour le département 29 à l'échelle horaire
2025-03-26 10:28:10,737 | __main__ | INFO | Téléchargement terminé pour le département 20 à l'échelle horaire
2025-03-26 10:28:10,741 | __main__ | INFO | Téléchargement terminé pour le département 31 à l'échelle horaire
2025-03-26 10:28:11,029 | __main__ | INFO | Téléchargement terminé pour le département 27 à l'échelle horaire
2025-03-26 10:28:11,231 | __main__ | INFO | Téléchargement terminé pour le département 28 à l'échelle horaire
2025-03-26 10:28:11,881 | __main__ | INFO | Téléchargement terminé pour le département 18 à l'échelle horaire
2025-03-26 10:28:11,882 | __main__ | INFO | Fichier échelle quotidienne déjà présent pour le département 34
2025-03-26 10:28:12,502 | __main__ | INFO | Téléchargement terminé pour le département 24 à l'échelle horaire
2025-03-26 10:28:12,545 | __main__ | INFO | Téléchargement terminé pour le département 34 à l'échelle horaire
2025-03-26 10:28:13,857 | __main__ | INFO | Téléchargement terminé pour le département 34 à l'échelle horaire
2025-03-26 10:28:13,923 | __main__ | INFO | Téléchargement terminé pour le département 32 à l'échelle horaire
2025-03-26 10:28:14,692 | __main__ | INFO | Téléchargement terminé pour le département 34 à l'échelle horaire
2025-03-26 10:28:15,229 | __main__ | INFO | Téléchargement terminé pour le département 22 à l'échelle horaire
2025-03-26 10:28:16,371 | __main__ | INFO | Téléchargement terminé pour le département 25 à l'échelle horaire
2025-03-26 10:28:16,826 | __main__ | INFO | Téléchargement terminé pour le département 21 à l'échelle horaire
2025-03-26 10:28:17,184 | __main__ | INFO | Téléchargement terminé pour le département 34 à l'échelle horaire
2025-03-26 10:28:23,047 | __main__ | INFO | Téléchargement terminé pour le département 30 à l'échelle horaire
2025-03-26 10:28:32,632 | __main__ | INFO | Téléchargement terminé pour le département 26 à l'échelle horaire
2025-03-26 10:28:32,698 | __main__ | INFO | Téléchargement terminé pour le département 34 à l'échelle horaire
2025-03-26 10:28:35,374 | __main__ | INFO | Téléchargement terminé pour le département 27 à l'échelle horaire
2025-03-26 10:28:41,757 | __main__ | INFO | Téléchargement terminé pour le département 29 à l'échelle horaire
2025-03-26 10:28:43,216 | __main__ | INFO | Téléchargement terminé pour le département 20 à l'échelle horaire
2025-03-26 10:28:43,922 | __main__ | INFO | Téléchargement terminé pour le département 23 à l'échelle horaire
2025-03-26 10:28:46,102 | __main__ | INFO | Téléchargement terminé pour le département 27 à l'échelle horaire
2025-03-26 10:28:46,104 | __main__ | INFO | Fichier échelle quotidienne déjà présent pour le département 35
2025-03-26 10:28:47,377 | __main__ | INFO | Téléchargement terminé pour le département 35 à l'échelle horaire
2025-03-26 10:28:47,683 | __main__ | INFO | Téléchargement terminé pour le département 31 à l'échelle horaire
2025-03-26 10:28:48,362 | __main__ | INFO | Téléchargement terminé pour le département 24 à l'échelle horaire
2025-03-26 10:28:48,389 | __main__ | INFO | Téléchargement terminé pour le département 19 à l'échelle horaire
2025-03-26 10:28:48,637 | __main__ | INFO | Téléchargement terminé pour le département 35 à l'échelle horaire
2025-03-26 10:28:52,150 | __main__ | INFO | Téléchargement terminé pour le département 35 à l'échelle horaire
2025-03-26 10:28:52,495 | __main__ | INFO | Téléchargement terminé pour le département 32 à l'échelle horaire
2025-03-26 10:28:53,231 | __main__ | INFO | Téléchargement terminé pour le département 33 à l'échelle horaire
2025-03-26 10:28:54,075 | __main__ | INFO | Téléchargement terminé pour le département 25 à l'échelle horaire
2025-03-26 10:28:57,550 | __main__ | INFO | Téléchargement terminé pour le département 35 à l'échelle horaire
2025-03-26 10:28:59,107 | __main__ | INFO | Téléchargement terminé pour le département 21 à l'échelle horaire
2025-03-26 10:29:04,985 | __main__ | INFO | Téléchargement terminé pour le département 28 à l'échelle horaire
2025-03-26 10:29:07,374 | __main__ | INFO | Téléchargement terminé pour le département 22 à l'échelle horaire
2025-03-26 10:29:14,377 | __main__ | INFO | Téléchargement terminé pour le département 35 à l'échelle horaire
2025-03-26 10:29:25,712 | __main__ | INFO | Téléchargement terminé pour le département 30 à l'échelle horaire
2025-03-26 10:29:25,869 | __main__ | INFO | Téléchargement terminé pour le département 24 à l'échelle horaire
2025-03-26 10:29:28,333 | __main__ | INFO | Téléchargement terminé pour le département 34 à l'échelle horaire
2025-03-26 10:29:33,810 | __main__ | INFO | Téléchargement terminé pour le département 32 à l'échelle horaire
2025-03-26 10:29:33,907 | __main__ | INFO | Téléchargement terminé pour le département 31 à l'échelle horaire
2025-03-26 10:29:36,123 | __main__ | INFO | Téléchargement terminé pour le département 23 à l'échelle horaire
2025-03-26 10:29:41,465 | __main__ | INFO | Téléchargement terminé pour le département 25 à l'échelle horaire
2025-03-26 10:29:42,465 | __main__ | INFO | Téléchargement terminé pour le département 24 à l'échelle horaire
2025-03-26 10:29:42,466 | __main__ | INFO | Fichier échelle quotidienne déjà présent pour le département 36
2025-03-26 10:29:43,050 | __main__ | INFO | Téléchargement terminé pour le département 36 à l'échelle horaire
2025-03-26 10:29:43,516 | __main__ | INFO | Téléchargement terminé pour le département 36 à l'échelle horaire
2025-03-26 10:29:43,857 | __main__ | INFO | Téléchargement terminé pour le département 36 à l'échelle horaire
2025-03-26 10:29:44,230 | __main__ | INFO | Téléchargement terminé pour le département 36 à l'échelle horaire
2025-03-26 10:29:45,313 | __main__ | INFO | Téléchargement terminé pour le département 19 à l'échelle horaire
2025-03-26 10:29:48,225 | __main__ | INFO | Téléchargement terminé pour le département 35 à l'échelle horaire
2025-03-26 10:29:49,064 | __main__ | INFO | Téléchargement terminé pour le département 21 à l'échelle horaire
2025-03-26 10:29:53,499 | __main__ | INFO | Téléchargement terminé pour le département 32 à l'échelle horaire
2025-03-26 10:29:53,500 | __main__ | INFO | Fichier échelle quotidienne déjà présent pour le département 37
2025-03-26 10:29:53,868 | __main__ | INFO | Téléchargement terminé pour le département 37 à l'échelle horaire
2025-03-26 10:29:54,286 | __main__ | INFO | Téléchargement terminé pour le département 37 à l'échelle horaire
2025-03-26 10:29:54,624 | __main__ | INFO | Téléchargement terminé pour le département 29 à l'échelle horaire
2025-03-26 10:29:54,665 | __main__ | INFO | Téléchargement terminé pour le département 37 à l'échelle horaire
2025-03-26 10:29:55,688 | __main__ | INFO | Téléchargement terminé pour le département 37 à l'échelle horaire
2025-03-26 10:29:55,759 | __main__ | INFO | Téléchargement terminé pour le département 31 à l'échelle horaire
2025-03-26 10:29:55,761 | __main__ | INFO | Fichier échelle quotidienne déjà présent pour le département 38
2025-03-26 10:29:56,241 | __main__ | INFO | Téléchargement terminé pour le département 38 à l'échelle horaire
2025-03-26 10:29:56,836 | __main__ | INFO | Téléchargement terminé pour le département 38 à l'échelle horaire
2025-03-26 10:29:57,402 | __main__ | INFO | Téléchargement terminé pour le département 38 à l'échelle horaire
2025-03-26 10:29:57,447 | __main__ | INFO | Téléchargement terminé pour le département 36 à l'échelle horaire
2025-03-26 10:29:58,540 | __main__ | INFO | Téléchargement terminé pour le département 38 à l'échelle horaire
2025-03-26 10:30:00,022 | __main__ | INFO | Téléchargement terminé pour le département 23 à l'échelle horaire
2025-03-26 10:30:00,030 | __main__ | INFO | Fichier échelle quotidienne déjà présent pour le département 39
2025-03-26 10:30:00,141 | __main__ | INFO | Téléchargement terminé pour le département 39 à l'échelle horaire
2025-03-26 10:30:00,315 | __main__ | INFO | Téléchargement terminé pour le département 39 à l'échelle horaire
2025-03-26 10:30:00,461 | __main__ | INFO | Téléchargement terminé pour le département 39 à l'échelle horaire
2025-03-26 10:30:00,725 | __main__ | INFO | Téléchargement terminé pour le département 39 à l'échelle horaire
2025-03-26 10:30:02,795 | __main__ | INFO | Téléchargement terminé pour le département 25 à l'échelle horaire
2025-03-26 10:30:02,796 | __main__ | INFO | Fichier échelle quotidienne déjà présent pour le département 40
2025-03-26 10:30:03,543 | __main__ | INFO | Téléchargement terminé pour le département 33 à l'échelle horaire
2025-03-26 10:30:04,905 | __main__ | INFO | Téléchargement terminé pour le département 40 à l'échelle horaire
2025-03-26 10:30:06,624 | __main__ | INFO | Téléchargement terminé pour le département 40 à l'échelle horaire
2025-03-26 10:30:06,895 | __main__ | INFO | Téléchargement terminé pour le département 38 à l'échelle horaire
2025-03-26 10:30:07,449 | __main__ | INFO | Téléchargement terminé pour le département 28 à l'échelle horaire
2025-03-26 10:30:07,509 | __main__ | INFO | Téléchargement terminé pour le département 19 à l'échelle horaire
2025-03-26 10:30:07,510 | __main__ | INFO | Fichier échelle quotidienne déjà présent pour le département 41
2025-03-26 10:30:07,968 | __main__ | INFO | Téléchargement terminé pour le département 41 à l'échelle horaire
2025-03-26 10:30:08,849 | __main__ | INFO | Téléchargement terminé pour le département 41 à l'échelle horaire
2025-03-26 10:30:09,274 | __main__ | INFO | Téléchargement terminé pour le département 41 à l'échelle horaire
2025-03-26 10:30:09,301 | __main__ | INFO | Téléchargement terminé pour le département 40 à l'échelle horaire
2025-03-26 10:30:09,940 | __main__ | INFO | Téléchargement terminé pour le département 41 à l'échelle horaire
2025-03-26 10:30:10,623 | __main__ | INFO | Téléchargement terminé pour le département 39 à l'échelle horaire
2025-03-26 10:30:12,374 | __main__ | INFO | Téléchargement terminé pour le département 22 à l'échelle horaire
2025-03-26 10:30:13,154 | __main__ | INFO | Téléchargement terminé pour le département 37 à l'échelle horaire
2025-03-26 10:30:13,157 | __main__ | INFO | Téléchargement terminé pour le département 20 à l'échelle horaire
2025-03-26 10:30:16,626 | __main__ | INFO | Téléchargement terminé pour le département 21 à l'échelle horaire
2025-03-26 10:30:16,627 | __main__ | INFO | Fichier échelle quotidienne déjà présent pour le département 42
2025-03-26 10:30:17,070 | __main__ | INFO | Téléchargement terminé pour le département 42 à l'échelle horaire
2025-03-26 10:30:17,196 | __main__ | INFO | Téléchargement terminé pour le département 40 à l'échelle horaire
2025-03-26 10:30:17,450 | __main__ | INFO | Téléchargement terminé pour le département 42 à l'échelle horaire
2025-03-26 10:30:18,365 | __main__ | INFO | Téléchargement terminé pour le département 42 à l'échelle horaire
2025-03-26 10:30:18,839 | __main__ | INFO | Téléchargement terminé pour le département 42 à l'échelle horaire
2025-03-26 10:30:24,265 | __main__ | INFO | Téléchargement terminé pour le département 26 à l'échelle horaire
2025-03-26 10:30:28,750 | __main__ | INFO | Téléchargement terminé pour le département 28 à l'échelle horaire
2025-03-26 10:30:28,751 | __main__ | INFO | Fichier échelle quotidienne déjà présent pour le département 43
2025-03-26 10:30:28,756 | __main__ | INFO | Téléchargement terminé pour le département 41 à l'échelle horaire
2025-03-26 10:30:29,311 | __main__ | INFO | Téléchargement terminé pour le département 43 à l'échelle horaire
2025-03-26 10:30:30,146 | __main__ | INFO | Téléchargement terminé pour le département 43 à l'échelle horaire
2025-03-26 10:30:30,806 | __main__ | INFO | Téléchargement terminé pour le département 43 à l'échelle horaire
2025-03-26 10:30:31,415 | __main__ | INFO | Téléchargement terminé pour le département 43 à l'échelle horaire
2025-03-26 10:30:32,389 | __main__ | INFO | Téléchargement terminé pour le département 35 à l'échelle horaire
2025-03-26 10:30:37,819 | __main__ | INFO | Téléchargement terminé pour le département 36 à l'échelle horaire
2025-03-26 10:30:38,234 | __main__ | INFO | Téléchargement terminé pour le département 39 à l'échelle horaire
2025-03-26 10:30:40,382 | __main__ | INFO | Téléchargement terminé pour le département 40 à l'échelle horaire
2025-03-26 10:30:40,592 | __main__ | INFO | Téléchargement terminé pour le département 22 à l'échelle horaire
2025-03-26 10:30:40,593 | __main__ | INFO | Fichier échelle quotidienne déjà présent pour le département 44
2025-03-26 10:30:41,145 | __main__ | INFO | Téléchargement terminé pour le département 44 à l'échelle horaire
2025-03-26 10:30:42,495 | __main__ | INFO | Téléchargement terminé pour le département 44 à l'échelle horaire
2025-03-26 10:30:43,723 | __main__ | INFO | Téléchargement terminé pour le département 44 à l'échelle horaire
2025-03-26 10:30:44,560 | __main__ | INFO | Téléchargement terminé pour le département 44 à l'échelle horaire
2025-03-26 10:30:48,879 | __main__ | INFO | Téléchargement terminé pour le département 41 à l'échelle horaire
2025-03-26 10:30:50,960 | __main__ | INFO | Téléchargement terminé pour le département 44 à l'échelle horaire
2025-03-26 10:30:51,816 | __main__ | INFO | Téléchargement terminé pour le département 42 à l'échelle horaire
2025-03-26 10:30:54,856 | __main__ | INFO | Téléchargement terminé pour le département 35 à l'échelle horaire
2025-03-26 10:30:54,857 | __main__ | INFO | Fichier échelle quotidienne déjà présent pour le département 45
2025-03-26 10:30:55,550 | __main__ | INFO | Téléchargement terminé pour le département 45 à l'échelle horaire
2025-03-26 10:30:56,250 | __main__ | INFO | Téléchargement terminé pour le département 34 à l'échelle horaire
2025-03-26 10:30:56,877 | __main__ | INFO | Téléchargement terminé pour le département 45 à l'échelle horaire
2025-03-26 10:30:57,182 | __main__ | INFO | Téléchargement terminé pour le département 38 à l'échelle horaire
2025-03-26 10:30:57,418 | __main__ | INFO | Téléchargement terminé pour le département 45 à l'échelle horaire
2025-03-26 10:30:57,911 | __main__ | INFO | Téléchargement terminé pour le département 45 à l'échelle horaire
2025-03-26 10:30:57,963 | __main__ | INFO | Téléchargement terminé pour le département 43 à l'échelle horaire
2025-03-26 10:30:59,158 | __main__ | INFO | Téléchargement terminé pour le département 45 à l'échelle horaire
2025-03-26 10:31:00,764 | __main__ | INFO | Téléchargement terminé pour le département 30 à l'échelle horaire
2025-03-26 10:31:08,979 | __main__ | INFO | Téléchargement terminé pour le département 39 à l'échelle horaire
2025-03-26 10:31:12,005 | __main__ | INFO | Téléchargement terminé pour le département 45 à l'échelle horaire
2025-03-26 10:31:12,835 | __main__ | INFO | Téléchargement terminé pour le département 37 à l'échelle horaire
2025-03-26 10:31:14,065 | __main__ | INFO | Téléchargement terminé pour le département 40 à l'échelle horaire
2025-03-26 10:31:18,020 | __main__ | INFO | Téléchargement terminé pour le département 33 à l'échelle horaire
2025-03-26 10:31:21,357 | __main__ | INFO | Téléchargement terminé pour le département 41 à l'échelle horaire
2025-03-26 10:31:22,886 | __main__ | INFO | Téléchargement terminé pour le département 44 à l'échelle horaire
2025-03-26 10:31:27,754 | __main__ | INFO | Téléchargement terminé pour le département 39 à l'échelle horaire
2025-03-26 10:31:27,756 | __main__ | INFO | Fichier échelle quotidienne déjà présent pour le département 46
2025-03-26 10:31:28,175 | __main__ | INFO | Téléchargement terminé pour le département 46 à l'échelle horaire
2025-03-26 10:31:29,067 | __main__ | INFO | Téléchargement terminé pour le département 46 à l'échelle horaire
2025-03-26 10:31:29,077 | __main__ | INFO | Téléchargement terminé pour le département 45 à l'échelle horaire
2025-03-26 10:31:29,643 | __main__ | INFO | Téléchargement terminé pour le département 46 à l'échelle horaire
2025-03-26 10:31:30,395 | __main__ | INFO | Téléchargement terminé pour le département 46 à l'échelle horaire
2025-03-26 10:31:34,479 | __main__ | INFO | Téléchargement terminé pour le département 34 à l'échelle horaire
2025-03-26 10:31:34,481 | __main__ | INFO | Fichier échelle quotidienne déjà présent pour le département 47
2025-03-26 10:31:34,928 | __main__ | INFO | Téléchargement terminé pour le département 47 à l'échelle horaire
2025-03-26 10:31:35,609 | __main__ | INFO | Téléchargement terminé pour le département 47 à l'échelle horaire
2025-03-26 10:31:36,217 | __main__ | INFO | Téléchargement terminé pour le département 41 à l'échelle horaire
2025-03-26 10:31:36,219 | __main__ | INFO | Fichier échelle quotidienne déjà présent pour le département 48
2025-03-26 10:31:36,372 | __main__ | WARNING | Impossible de DL https://object.files.data.gouv.fr/meteofrance/data/synchro_ftp/BASE/HOR/H_48_1950-1959.csv.gz (status=404)
2025-03-26 10:31:36,499 | __main__ | WARNING | Impossible de DL https://object.files.data.gouv.fr/meteofrance/data/synchro_ftp/BASE/HOR/H_48_1960-1969.csv.gz (status=404)
2025-03-26 10:31:36,616 | __main__ | WARNING | Impossible de DL https://object.files.data.gouv.fr/meteofrance/data/synchro_ftp/BASE/HOR/H_48_1970-1979.csv.gz (status=404)
2025-03-26 10:31:37,160 | __main__ | INFO | Téléchargement terminé pour le département 48 à l'échelle horaire
2025-03-26 10:31:37,314 | __main__ | INFO | Téléchargement terminé pour le département 47 à l'échelle horaire
2025-03-26 10:31:38,065 | __main__ | INFO | Téléchargement terminé pour le département 47 à l'échelle horaire
2025-03-26 10:31:40,319 | __main__ | INFO | Téléchargement terminé pour le département 46 à l'échelle horaire
2025-03-26 10:31:40,366 | __main__ | INFO | Téléchargement terminé pour le département 48 à l'échelle horaire
2025-03-26 10:31:41,280 | __main__ | INFO | Téléchargement terminé pour le département 30 à l'échelle horaire
2025-03-26 10:31:41,281 | __main__ | INFO | Fichier échelle quotidienne déjà présent pour le département 49
2025-03-26 10:31:41,842 | __main__ | INFO | Téléchargement terminé pour le département 49 à l'échelle horaire
2025-03-26 10:31:41,888 | __main__ | INFO | Téléchargement terminé pour le département 36 à l'échelle horaire
2025-03-26 10:31:41,948 | __main__ | INFO | Téléchargement terminé pour le département 43 à l'échelle horaire
2025-03-26 10:31:42,483 | __main__ | INFO | Téléchargement terminé pour le département 45 à l'échelle horaire
2025-03-26 10:31:42,485 | __main__ | INFO | Fichier échelle quotidienne déjà présent pour le département 50
2025-03-26 10:31:42,526 | __main__ | INFO | Téléchargement terminé pour le département 49 à l'échelle horaire
2025-03-26 10:31:43,405 | __main__ | INFO | Téléchargement terminé pour le département 49 à l'échelle horaire
2025-03-26 10:31:44,544 | __main__ | INFO | Téléchargement terminé pour le département 50 à l'échelle horaire
2025-03-26 10:31:45,397 | __main__ | INFO | Téléchargement terminé pour le département 50 à l'échelle horaire
2025-03-26 10:31:45,763 | __main__ | INFO | Téléchargement terminé pour le département 49 à l'échelle horaire
2025-03-26 10:31:46,676 | __main__ | INFO | Téléchargement terminé pour le département 50 à l'échelle horaire
2025-03-26 10:31:46,732 | __main__ | INFO | Téléchargement terminé pour le département 47 à l'échelle horaire
2025-03-26 10:31:48,158 | __main__ | INFO | Téléchargement terminé pour le département 50 à l'échelle horaire
2025-03-26 10:31:49,193 | __main__ | INFO | Téléchargement terminé pour le département 29 à l'échelle horaire
2025-03-26 10:31:49,954 | __main__ | INFO | Téléchargement terminé pour le département 33 à l'échelle horaire
2025-03-26 10:31:49,965 | __main__ | INFO | Fichier échelle quotidienne déjà présent pour le département 51
2025-03-26 10:31:50,471 | __main__ | INFO | Téléchargement terminé pour le département 51 à l'échelle horaire
2025-03-26 10:31:51,086 | __main__ | INFO | Téléchargement terminé pour le département 51 à l'échelle horaire
2025-03-26 10:31:51,794 | __main__ | INFO | Téléchargement terminé pour le département 51 à l'échelle horaire
2025-03-26 10:31:52,260 | __main__ | INFO | Téléchargement terminé pour le département 49 à l'échelle horaire
2025-03-26 10:31:52,747 | __main__ | INFO | Téléchargement terminé pour le département 51 à l'échelle horaire
2025-03-26 10:32:00,029 | __main__ | INFO | Téléchargement terminé pour le département 44 à l'échelle horaire
2025-03-26 10:32:01,713 | __main__ | INFO | Téléchargement terminé pour le département 50 à l'échelle horaire
2025-03-26 10:32:04,234 | __main__ | INFO | Téléchargement terminé pour le département 46 à l'échelle horaire
2025-03-26 10:32:05,736 | __main__ | INFO | Téléchargement terminé pour le département 36 à l'échelle horaire
2025-03-26 10:32:05,747 | __main__ | INFO | Fichier échelle quotidienne déjà présent pour le département 52
2025-03-26 10:32:06,526 | __main__ | INFO | Téléchargement terminé pour le département 52 à l'échelle horaire
2025-03-26 10:32:07,474 | __main__ | INFO | Téléchargement terminé pour le département 52 à l'échelle horaire
2025-03-26 10:32:08,124 | __main__ | INFO | Téléchargement terminé pour le département 52 à l'échelle horaire
2025-03-26 10:32:09,170 | __main__ | INFO | Téléchargement terminé pour le département 52 à l'échelle horaire
2025-03-26 10:32:10,458 | __main__ | INFO | Téléchargement terminé pour le département 40 à l'échelle horaire
2025-03-26 10:32:13,912 | __main__ | INFO | Téléchargement terminé pour le département 38 à l'échelle horaire
2025-03-26 10:32:14,683 | __main__ | INFO | Téléchargement terminé pour le département 47 à l'échelle horaire
2025-03-26 10:32:15,667 | __main__ | INFO | Téléchargement terminé pour le département 42 à l'échelle horaire
2025-03-26 10:32:15,686 | __main__ | INFO | Téléchargement terminé pour le département 49 à l'échelle horaire
2025-03-26 10:32:18,437 | __main__ | INFO | Téléchargement terminé pour le département 44 à l'échelle horaire
2025-03-26 10:32:18,439 | __main__ | INFO | Fichier échelle quotidienne déjà présent pour le département 53
2025-03-26 10:32:18,556 | __main__ | WARNING | Impossible de DL https://object.files.data.gouv.fr/meteofrance/data/synchro_ftp/BASE/HOR/H_53_1950-1959.csv.gz (status=404)
2025-03-26 10:32:18,690 | __main__ | INFO | Téléchargement terminé pour le département 53 à l'échelle horaire
2025-03-26 10:32:18,811 | __main__ | WARNING | Impossible de DL https://object.files.data.gouv.fr/meteofrance/data/synchro_ftp/BASE/HOR/H_53_1970-1979.csv.gz (status=404)
2025-03-26 10:32:18,899 | __main__ | INFO | Téléchargement terminé pour le département 51 à l'échelle horaire
2025-03-26 10:32:19,096 | __main__ | INFO | Téléchargement terminé pour le département 53 à l'échelle horaire
2025-03-26 10:32:24,066 | __main__ | INFO | Téléchargement terminé pour le département 53 à l'échelle horaire
2025-03-26 10:32:25,318 | __main__ | INFO | Téléchargement terminé pour le département 48 à l'échelle horaire
2025-03-26 10:32:29,348 | __main__ | INFO | Téléchargement terminé pour le département 52 à l'échelle horaire
2025-03-26 10:32:31,847 | __main__ | INFO | Téléchargement terminé pour le département 29 à l'échelle horaire
2025-03-26 10:32:31,857 | __main__ | INFO | Fichier échelle quotidienne déjà présent pour le département 54
2025-03-26 10:32:32,638 | __main__ | INFO | Téléchargement terminé pour le département 54 à l'échelle horaire
2025-03-26 10:32:34,026 | __main__ | INFO | Téléchargement terminé pour le département 54 à l'échelle horaire
2025-03-26 10:32:34,177 | __main__ | INFO | Téléchargement terminé pour le département 46 à l'échelle horaire
2025-03-26 10:32:36,790 | __main__ | INFO | Téléchargement terminé pour le département 40 à l'échelle horaire
2025-03-26 10:32:36,802 | __main__ | INFO | Fichier échelle quotidienne déjà présent pour le département 55
2025-03-26 10:32:37,512 | __main__ | INFO | Téléchargement terminé pour le département 55 à l'échelle horaire
2025-03-26 10:32:37,654 | __main__ | INFO | Téléchargement terminé pour le département 55 à l'échelle horaire
2025-03-26 10:32:37,984 | __main__ | INFO | Téléchargement terminé pour le département 55 à l'échelle horaire
2025-03-26 10:32:38,089 | __main__ | WARNING | Impossible de DL https://object.files.data.gouv.fr/meteofrance/data/synchro_ftp/BASE/HOR/H_55_1980-1989.csv.gz (status=404)
2025-03-26 10:32:38,283 | __main__ | INFO | Téléchargement terminé pour le département 53 à l'échelle horaire
2025-03-26 10:32:38,288 | __main__ | INFO | Téléchargement terminé pour le département 54 à l'échelle horaire
2025-03-26 10:32:39,147 | __main__ | INFO | Téléchargement terminé pour le département 43 à l'échelle horaire
2025-03-26 10:32:39,480 | __main__ | INFO | Téléchargement terminé pour le département 37 à l'échelle horaire
2025-03-26 10:32:40,241 | __main__ | INFO | Téléchargement terminé pour le département 54 à l'échelle horaire
2025-03-26 10:32:50,275 | __main__ | INFO | Téléchargement terminé pour le département 50 à l'échelle horaire
2025-03-26 10:32:51,148 | __main__ | INFO | Téléchargement terminé pour le département 47 à l'échelle horaire
2025-03-26 10:32:52,567 | __main__ | INFO | Téléchargement terminé pour le département 55 à l'échelle horaire
2025-03-26 10:32:53,032 | __main__ | INFO | Téléchargement terminé pour le département 46 à l'échelle horaire
2025-03-26 10:32:53,033 | __main__ | INFO | Fichier échelle quotidienne déjà présent pour le département 56
2025-03-26 10:32:53,977 | __main__ | INFO | Téléchargement terminé pour le département 56 à l'échelle horaire
2025-03-26 10:32:55,601 | __main__ | INFO | Téléchargement terminé pour le département 56 à l'échelle horaire
2025-03-26 10:32:56,144 | __main__ | INFO | Téléchargement terminé pour le département 56 à l'échelle horaire
2025-03-26 10:32:56,627 | __main__ | INFO | Téléchargement terminé pour le département 49 à l'échelle horaire
2025-03-26 10:32:56,889 | __main__ | INFO | Téléchargement terminé pour le département 54 à l'échelle horaire
2025-03-26 10:32:57,377 | __main__ | INFO | Téléchargement terminé pour le département 56 à l'échelle horaire
2025-03-26 10:33:02,052 | __main__ | INFO | Téléchargement terminé pour le département 38 à l'échelle horaire
2025-03-26 10:33:02,054 | __main__ | INFO | Fichier échelle quotidienne déjà présent pour le département 57
2025-03-26 10:33:03,088 | __main__ | INFO | Téléchargement terminé pour le département 57 à l'échelle horaire
2025-03-26 10:33:03,946 | __main__ | INFO | Téléchargement terminé pour le département 26 à l'échelle horaire
2025-03-26 10:33:04,403 | __main__ | INFO | Téléchargement terminé pour le département 20 à l'échelle horaire
2025-03-26 10:33:04,792 | __main__ | INFO | Téléchargement terminé pour le département 57 à l'échelle horaire
2025-03-26 10:33:05,435 | __main__ | INFO | Téléchargement terminé pour le département 57 à l'échelle horaire
2025-03-26 10:33:06,422 | __main__ | INFO | Téléchargement terminé pour le département 57 à l'échelle horaire
2025-03-26 10:33:06,565 | __main__ | INFO | Téléchargement terminé pour le département 43 à l'échelle horaire
2025-03-26 10:33:06,577 | __main__ | INFO | Fichier échelle quotidienne déjà présent pour le département 58
2025-03-26 10:33:06,626 | __main__ | INFO | Téléchargement terminé pour le département 51 à l'échelle horaire
2025-03-26 10:33:08,654 | __main__ | INFO | Téléchargement terminé pour le département 58 à l'échelle horaire
2025-03-26 10:33:08,932 | __main__ | INFO | Téléchargement terminé pour le département 53 à l'échelle horaire
2025-03-26 10:33:09,205 | __main__ | INFO | Téléchargement terminé pour le département 58 à l'échelle horaire
2025-03-26 10:33:09,513 | __main__ | INFO | Téléchargement terminé pour le département 52 à l'échelle horaire
2025-03-26 10:33:09,871 | __main__ | INFO | Téléchargement terminé pour le département 47 à l'échelle horaire
2025-03-26 10:33:09,873 | __main__ | INFO | Fichier échelle quotidienne déjà présent pour le département 59
2025-03-26 10:33:10,161 | __main__ | INFO | Téléchargement terminé pour le département 58 à l'échelle horaire
2025-03-26 10:33:10,746 | __main__ | INFO | Téléchargement terminé pour le département 58 à l'échelle horaire
2025-03-26 10:33:10,898 | __main__ | INFO | Téléchargement terminé pour le département 59 à l'échelle horaire
2025-03-26 10:33:10,985 | __main__ | INFO | Téléchargement terminé pour le département 37 à l'échelle horaire
2025-03-26 10:33:10,997 | __main__ | INFO | Fichier échelle quotidienne déjà présent pour le département 60
2025-03-26 10:33:12,301 | __main__ | INFO | Téléchargement terminé pour le département 60 à l'échelle horaire
2025-03-26 10:33:12,329 | __main__ | INFO | Téléchargement terminé pour le département 59 à l'échelle horaire
2025-03-26 10:33:13,060 | __main__ | INFO | Téléchargement terminé pour le département 60 à l'échelle horaire
2025-03-26 10:33:13,210 | __main__ | INFO | Téléchargement terminé pour le département 59 à l'échelle horaire
2025-03-26 10:33:14,391 | __main__ | INFO | Téléchargement terminé pour le département 60 à l'échelle horaire
2025-03-26 10:33:14,864 | __main__ | INFO | Téléchargement terminé pour le département 60 à l'échelle horaire
2025-03-26 10:33:15,365 | __main__ | INFO | Téléchargement terminé pour le département 59 à l'échelle horaire
2025-03-26 10:33:16,623 | __main__ | INFO | Téléchargement terminé pour le département 57 à l'échelle horaire
2025-03-26 10:33:16,681 | __main__ | INFO | Téléchargement terminé pour le département 55 à l'échelle horaire
2025-03-26 10:33:17,447 | __main__ | INFO | Téléchargement terminé pour le département 48 à l'échelle horaire
2025-03-26 10:33:18,140 | __main__ | INFO | Téléchargement terminé pour le département 54 à l'échelle horaire
2025-03-26 10:33:21,197 | __main__ | INFO | Téléchargement terminé pour le département 53 à l'échelle horaire
2025-03-26 10:33:21,198 | __main__ | INFO | Fichier échelle quotidienne déjà présent pour le département 61
2025-03-26 10:33:21,558 | __main__ | INFO | Téléchargement terminé pour le département 61 à l'échelle horaire
2025-03-26 10:33:21,954 | __main__ | INFO | Téléchargement terminé pour le département 61 à l'échelle horaire
2025-03-26 10:33:22,025 | __main__ | INFO | Téléchargement terminé pour le département 49 à l'échelle horaire
2025-03-26 10:33:22,027 | __main__ | INFO | Fichier échelle quotidienne déjà présent pour le département 62
2025-03-26 10:33:22,331 | __main__ | INFO | Téléchargement terminé pour le département 61 à l'échelle horaire
2025-03-26 10:33:22,901 | __main__ | INFO | Téléchargement terminé pour le département 61 à l'échelle horaire
2025-03-26 10:33:23,199 | __main__ | INFO | Téléchargement terminé pour le département 62 à l'échelle horaire
2025-03-26 10:33:24,179 | __main__ | INFO | Téléchargement terminé pour le département 62 à l'échelle horaire
2025-03-26 10:33:25,447 | __main__ | INFO | Téléchargement terminé pour le département 62 à l'échelle horaire
2025-03-26 10:33:26,100 | __main__ | INFO | Téléchargement terminé pour le département 62 à l'échelle horaire
2025-03-26 10:33:28,263 | __main__ | INFO | Téléchargement terminé pour le département 56 à l'échelle horaire
2025-03-26 10:33:28,592 | __main__ | INFO | Téléchargement terminé pour le département 59 à l'échelle horaire
2025-03-26 10:33:29,322 | __main__ | INFO | Téléchargement terminé pour le département 58 à l'échelle horaire
2025-03-26 10:33:30,636 | __main__ | INFO | Téléchargement terminé pour le département 61 à l'échelle horaire
2025-03-26 10:33:31,441 | __main__ | INFO | Téléchargement terminé pour le département 60 à l'échelle horaire
2025-03-26 10:33:35,983 | __main__ | INFO | Téléchargement terminé pour le département 42 à l'échelle horaire
2025-03-26 10:33:40,931 | __main__ | INFO | Téléchargement terminé pour le département 57 à l'échelle horaire
2025-03-26 10:33:41,144 | __main__ | INFO | Téléchargement terminé pour le département 50 à l'échelle horaire
2025-03-26 10:33:42,796 | __main__ | INFO | Téléchargement terminé pour le département 62 à l'échelle horaire
2025-03-26 10:33:45,458 | __main__ | INFO | Téléchargement terminé pour le département 26 à l'échelle horaire
2025-03-26 10:33:45,459 | __main__ | INFO | Fichier échelle quotidienne déjà présent pour le département 63
2025-03-26 10:33:46,493 | __main__ | INFO | Téléchargement terminé pour le département 63 à l'échelle horaire
2025-03-26 10:33:47,043 | __main__ | INFO | Téléchargement terminé pour le département 48 à l'échelle horaire
2025-03-26 10:33:47,044 | __main__ | INFO | Fichier échelle quotidienne déjà présent pour le département 64
2025-03-26 10:33:47,107 | __main__ | INFO | Téléchargement terminé pour le département 63 à l'échelle horaire
2025-03-26 10:33:47,586 | __main__ | INFO | Téléchargement terminé pour le département 64 à l'échelle horaire
2025-03-26 10:33:47,762 | __main__ | INFO | Téléchargement terminé pour le département 63 à l'échelle horaire
2025-03-26 10:33:49,786 | __main__ | INFO | Téléchargement terminé pour le département 64 à l'échelle horaire
2025-03-26 10:33:49,835 | __main__ | INFO | Téléchargement terminé pour le département 59 à l'échelle horaire
2025-03-26 10:33:50,292 | __main__ | INFO | Téléchargement terminé pour le département 63 à l'échelle horaire
2025-03-26 10:33:50,735 | __main__ | INFO | Téléchargement terminé pour le département 64 à l'échelle horaire
2025-03-26 10:33:52,423 | __main__ | INFO | Téléchargement terminé pour le département 64 à l'échelle horaire
2025-03-26 10:33:53,240 | __main__ | INFO | Téléchargement terminé pour le département 54 à l'échelle horaire
2025-03-26 10:34:02,277 | __main__ | INFO | Téléchargement terminé pour le département 42 à l'échelle horaire
2025-03-26 10:34:02,279 | __main__ | INFO | Fichier échelle quotidienne déjà présent pour le département 65
2025-03-26 10:34:02,413 | __main__ | INFO | Téléchargement terminé pour le département 55 à l'échelle horaire
2025-03-26 10:34:03,050 | __main__ | INFO | Téléchargement terminé pour le département 65 à l'échelle horaire
2025-03-26 10:34:03,412 | __main__ | INFO | Téléchargement terminé pour le département 65 à l'échelle horaire
2025-03-26 10:34:03,766 | __main__ | INFO | Téléchargement terminé pour le département 65 à l'échelle horaire
2025-03-26 10:34:04,333 | __main__ | INFO | Téléchargement terminé pour le département 65 à l'échelle horaire
2025-03-26 10:34:06,023 | __main__ | INFO | Téléchargement terminé pour le département 60 à l'échelle horaire
2025-03-26 10:34:06,673 | __main__ | INFO | Téléchargement terminé pour le département 52 à l'échelle horaire
2025-03-26 10:34:09,169 | __main__ | INFO | Téléchargement terminé pour le département 61 à l'échelle horaire
2025-03-26 10:34:09,313 | __main__ | INFO | Téléchargement terminé pour le département 51 à l'échelle horaire
2025-03-26 10:34:10,155 | __main__ | INFO | Téléchargement terminé pour le département 65 à l'échelle horaire
2025-03-26 10:34:11,265 | __main__ | INFO | Téléchargement terminé pour le département 54 à l'échelle horaire
2025-03-26 10:34:11,266 | __main__ | INFO | Fichier échelle quotidienne déjà présent pour le département 66
2025-03-26 10:34:12,108 | __main__ | INFO | Téléchargement terminé pour le département 66 à l'échelle horaire
2025-03-26 10:34:12,536 | __main__ | INFO | Téléchargement terminé pour le département 50 à l'échelle horaire
2025-03-26 10:34:12,537 | __main__ | INFO | Fichier échelle quotidienne déjà présent pour le département 67
2025-03-26 10:34:12,922 | __main__ | INFO | Téléchargement terminé pour le département 58 à l'échelle horaire
2025-03-26 10:34:13,318 | __main__ | INFO | Téléchargement terminé pour le département 67 à l'échelle horaire
2025-03-26 10:34:13,676 | __main__ | INFO | Téléchargement terminé pour le département 66 à l'échelle horaire
2025-03-26 10:34:13,714 | __main__ | INFO | Téléchargement terminé pour le département 67 à l'échelle horaire
2025-03-26 10:34:14,262 | __main__ | INFO | Téléchargement terminé pour le département 64 à l'échelle horaire
2025-03-26 10:34:14,688 | __main__ | INFO | Téléchargement terminé pour le département 66 à l'échelle horaire
2025-03-26 10:34:15,180 | __main__ | INFO | Téléchargement terminé pour le département 67 à l'échelle horaire
2025-03-26 10:34:15,485 | __main__ | INFO | Téléchargement terminé pour le département 66 à l'échelle horaire
2025-03-26 10:34:18,075 | __main__ | INFO | Téléchargement terminé pour le département 67 à l'échelle horaire
2025-03-26 10:34:19,912 | __main__ | INFO | Téléchargement terminé pour le département 63 à l'échelle horaire
2025-03-26 10:34:20,130 | __main__ | INFO | Téléchargement terminé pour le département 59 à l'échelle horaire
2025-03-26 10:34:22,280 | __main__ | INFO | Téléchargement terminé pour le département 56 à l'échelle horaire
2025-03-26 10:34:25,873 | __main__ | INFO | Téléchargement terminé pour le département 55 à l'échelle horaire
2025-03-26 10:34:25,874 | __main__ | INFO | Fichier échelle quotidienne déjà présent pour le département 68
2025-03-26 10:34:26,215 | __main__ | INFO | Téléchargement terminé pour le département 62 à l'échelle horaire
2025-03-26 10:34:27,135 | __main__ | INFO | Téléchargement terminé pour le département 68 à l'échelle horaire
2025-03-26 10:34:27,215 | __main__ | INFO | Téléchargement terminé pour le département 20 à l'échelle horaire
2025-03-26 10:34:27,216 | __main__ | INFO | Fichier échelle quotidienne déjà présent pour le département 69
2025-03-26 10:34:27,665 | __main__ | INFO | Téléchargement terminé pour le département 68 à l'échelle horaire
2025-03-26 10:34:27,872 | __main__ | INFO | Téléchargement terminé pour le département 52 à l'échelle horaire
2025-03-26 10:34:27,873 | __main__ | INFO | Fichier échelle quotidienne déjà présent pour le département 70
2025-03-26 10:34:28,265 | __main__ | INFO | Téléchargement terminé pour le département 70 à l'échelle horaire
2025-03-26 10:34:28,370 | __main__ | INFO | Téléchargement terminé pour le département 69 à l'échelle horaire
2025-03-26 10:34:28,704 | __main__ | INFO | Téléchargement terminé pour le département 68 à l'échelle horaire
2025-03-26 10:34:28,912 | __main__ | INFO | Téléchargement terminé pour le département 70 à l'échelle horaire
2025-03-26 10:34:28,983 | __main__ | INFO | Téléchargement terminé pour le département 57 à l'échelle horaire
2025-03-26 10:34:29,180 | __main__ | INFO | Téléchargement terminé pour le département 70 à l'échelle horaire
2025-03-26 10:34:29,541 | __main__ | INFO | Téléchargement terminé pour le département 69 à l'échelle horaire
2025-03-26 10:34:29,986 | __main__ | INFO | Téléchargement terminé pour le département 70 à l'échelle horaire
2025-03-26 10:34:30,790 | __main__ | INFO | Téléchargement terminé pour le département 69 à l'échelle horaire
2025-03-26 10:34:30,885 | __main__ | INFO | Téléchargement terminé pour le département 66 à l'échelle horaire
2025-03-26 10:34:32,603 | __main__ | INFO | Téléchargement terminé pour le département 51 à l'échelle horaire
2025-03-26 10:34:32,605 | __main__ | INFO | Fichier échelle quotidienne déjà présent pour le département 71
2025-03-26 10:34:32,829 | __main__ | INFO | Téléchargement terminé pour le département 69 à l'échelle horaire
2025-03-26 10:34:33,701 | __main__ | INFO | Téléchargement terminé pour le département 71 à l'échelle horaire
2025-03-26 10:34:34,307 | __main__ | INFO | Téléchargement terminé pour le département 59 à l'échelle horaire
2025-03-26 10:34:34,308 | __main__ | INFO | Fichier échelle quotidienne déjà présent pour le département 72
2025-03-26 10:34:34,830 | __main__ | INFO | Téléchargement terminé pour le département 72 à l'échelle horaire
2025-03-26 10:34:35,339 | __main__ | INFO | Téléchargement terminé pour le département 72 à l'échelle horaire
2025-03-26 10:34:35,737 | __main__ | INFO | Téléchargement terminé pour le département 72 à l'échelle horaire
2025-03-26 10:34:35,976 | __main__ | INFO | Téléchargement terminé pour le département 71 à l'échelle horaire
2025-03-26 10:34:36,040 | __main__ | INFO | Téléchargement terminé pour le département 68 à l'échelle horaire
2025-03-26 10:34:36,188 | __main__ | INFO | Téléchargement terminé pour le département 72 à l'échelle horaire
2025-03-26 10:34:38,721 | __main__ | INFO | Téléchargement terminé pour le département 71 à l'échelle horaire
2025-03-26 10:34:39,802 | __main__ | INFO | Téléchargement terminé pour le département 65 à l'échelle horaire
2025-03-26 10:34:40,538 | __main__ | INFO | Téléchargement terminé pour le département 72 à l'échelle horaire
2025-03-26 10:34:42,543 | __main__ | INFO | Téléchargement terminé pour le département 71 à l'échelle horaire
2025-03-26 10:34:49,002 | __main__ | INFO | Téléchargement terminé pour le département 67 à l'échelle horaire
2025-03-26 10:34:49,015 | __main__ | INFO | Téléchargement terminé pour le département 70 à l'échelle horaire
2025-03-26 10:34:49,723 | __main__ | INFO | Téléchargement terminé pour le département 60 à l'échelle horaire
2025-03-26 10:34:52,214 | __main__ | INFO | Téléchargement terminé pour le département 69 à l'échelle horaire
2025-03-26 10:34:52,980 | __main__ | INFO | Téléchargement terminé pour le département 57 à l'échelle horaire
2025-03-26 10:34:52,981 | __main__ | INFO | Fichier échelle quotidienne déjà présent pour le département 73
2025-03-26 10:34:53,585 | __main__ | INFO | Téléchargement terminé pour le département 73 à l'échelle horaire
2025-03-26 10:34:55,138 | __main__ | INFO | Téléchargement terminé pour le département 73 à l'échelle horaire
2025-03-26 10:34:55,680 | __main__ | INFO | Téléchargement terminé pour le département 73 à l'échelle horaire
2025-03-26 10:34:56,647 | __main__ | INFO | Téléchargement terminé pour le département 61 à l'échelle horaire
2025-03-26 10:34:57,421 | __main__ | INFO | Téléchargement terminé pour le département 58 à l'échelle horaire
2025-03-26 10:34:58,273 | __main__ | INFO | Téléchargement terminé pour le département 64 à l'échelle horaire
2025-03-26 10:34:58,891 | __main__ | INFO | Téléchargement terminé pour le département 73 à l'échelle horaire
2025-03-26 10:35:00,519 | __main__ | INFO | Téléchargement terminé pour le département 72 à l'échelle horaire
2025-03-26 10:35:10,756 | __main__ | INFO | Téléchargement terminé pour le département 60 à l'échelle horaire
2025-03-26 10:35:10,758 | __main__ | INFO | Fichier échelle quotidienne déjà présent pour le département 74
2025-03-26 10:35:10,854 | __main__ | INFO | Téléchargement terminé pour le département 74 à l'échelle horaire
2025-03-26 10:35:11,033 | __main__ | INFO | Téléchargement terminé pour le département 74 à l'échelle horaire
2025-03-26 10:35:11,283 | __main__ | INFO | Téléchargement terminé pour le département 74 à l'échelle horaire
2025-03-26 10:35:11,349 | __main__ | INFO | Téléchargement terminé pour le département 71 à l'échelle horaire
2025-03-26 10:35:11,550 | __main__ | INFO | Téléchargement terminé pour le département 74 à l'échelle horaire
2025-03-26 10:35:15,560 | __main__ | INFO | Téléchargement terminé pour le département 68 à l'échelle horaire
2025-03-26 10:35:15,898 | __main__ | INFO | Téléchargement terminé pour le département 58 à l'échelle horaire
2025-03-26 10:35:15,900 | __main__ | INFO | Fichier échelle quotidienne déjà présent pour le département 75
2025-03-26 10:35:16,233 | __main__ | INFO | Téléchargement terminé pour le département 75 à l'échelle horaire
2025-03-26 10:35:16,877 | __main__ | INFO | Téléchargement terminé pour le département 75 à l'échelle horaire
2025-03-26 10:35:17,275 | __main__ | INFO | Téléchargement terminé pour le département 62 à l'échelle horaire
2025-03-26 10:35:17,291 | __main__ | INFO | Téléchargement terminé pour le département 75 à l'échelle horaire
2025-03-26 10:35:18,132 | __main__ | INFO | Téléchargement terminé pour le département 75 à l'échelle horaire
2025-03-26 10:35:21,271 | __main__ | INFO | Téléchargement terminé pour le département 61 à l'échelle horaire
2025-03-26 10:35:21,272 | __main__ | INFO | Fichier échelle quotidienne déjà présent pour le département 76
2025-03-26 10:35:22,329 | __main__ | INFO | Téléchargement terminé pour le département 76 à l'échelle horaire
2025-03-26 10:35:23,349 | __main__ | INFO | Téléchargement terminé pour le département 74 à l'échelle horaire
2025-03-26 10:35:23,350 | __main__ | INFO | Téléchargement terminé pour le département 76 à l'échelle horaire
2025-03-26 10:35:23,696 | __main__ | INFO | Téléchargement terminé pour le département 75 à l'échelle horaire
2025-03-26 10:35:25,549 | __main__ | INFO | Téléchargement terminé pour le département 66 à l'échelle horaire
2025-03-26 10:35:26,415 | __main__ | INFO | Téléchargement terminé pour le département 76 à l'échelle horaire
2025-03-26 10:35:27,793 | __main__ | INFO | Téléchargement terminé pour le département 73 à l'échelle horaire
2025-03-26 10:35:27,911 | __main__ | INFO | Téléchargement terminé pour le département 76 à l'échelle horaire
2025-03-26 10:35:29,600 | __main__ | INFO | Téléchargement terminé pour le département 72 à l'échelle horaire
2025-03-26 10:35:29,911 | __main__ | INFO | Téléchargement terminé pour le département 70 à l'échelle horaire
2025-03-26 10:35:30,413 | __main__ | INFO | Téléchargement terminé pour le département 56 à l'échelle horaire
2025-03-26 10:35:30,448 | __main__ | INFO | Téléchargement terminé pour le département 67 à l'échelle horaire
2025-03-26 10:35:30,832 | __main__ | INFO | Téléchargement terminé pour le département 65 à l'échelle horaire
2025-03-26 10:35:35,543 | __main__ | INFO | Téléchargement terminé pour le département 75 à l'échelle horaire
2025-03-26 10:35:36,116 | __main__ | INFO | Téléchargement terminé pour le département 76 à l'échelle horaire
2025-03-26 10:35:36,566 | __main__ | INFO | Téléchargement terminé pour le département 63 à l'échelle horaire
2025-03-26 10:35:38,833 | __main__ | INFO | Téléchargement terminé pour le département 69 à l'échelle horaire
2025-03-26 10:35:39,009 | __main__ | INFO | Téléchargement terminé pour le département 62 à l'échelle horaire
2025-03-26 10:35:39,012 | __main__ | INFO | Fichier échelle quotidienne déjà présent pour le département 77
2025-03-26 10:35:39,411 | __main__ | INFO | Téléchargement terminé pour le département 77 à l'échelle horaire
2025-03-26 10:35:40,184 | __main__ | INFO | Téléchargement terminé pour le département 77 à l'échelle horaire
2025-03-26 10:35:40,518 | __main__ | INFO | Téléchargement terminé pour le département 77 à l'échelle horaire
2025-03-26 10:35:40,926 | __main__ | INFO | Téléchargement terminé pour le département 77 à l'échelle horaire
2025-03-26 10:35:44,868 | __main__ | INFO | Téléchargement terminé pour le département 72 à l'échelle horaire
2025-03-26 10:35:44,869 | __main__ | INFO | Fichier échelle quotidienne déjà présent pour le département 78
2025-03-26 10:35:45,639 | __main__ | INFO | Téléchargement terminé pour le département 78 à l'échelle horaire
2025-03-26 10:35:47,719 | __main__ | INFO | Téléchargement terminé pour le département 78 à l'échelle horaire
2025-03-26 10:35:49,223 | __main__ | INFO | Téléchargement terminé pour le département 78 à l'échelle horaire
2025-03-26 10:35:49,723 | __main__ | INFO | Téléchargement terminé pour le département 75 à l'échelle horaire
2025-03-26 10:35:53,542 | __main__ | INFO | Téléchargement terminé pour le département 78 à l'échelle horaire
2025-03-26 10:35:57,014 | __main__ | INFO | Téléchargement terminé pour le département 56 à l'échelle horaire
2025-03-26 10:35:57,015 | __main__ | INFO | Fichier échelle quotidienne déjà présent pour le département 79
2025-03-26 10:35:57,208 | __main__ | INFO | Téléchargement terminé pour le département 79 à l'échelle horaire
2025-03-26 10:35:57,309 | __main__ | INFO | Téléchargement terminé pour le département 79 à l'échelle horaire
2025-03-26 10:35:57,388 | __main__ | WARNING | Impossible de DL https://object.files.data.gouv.fr/meteofrance/data/synchro_ftp/BASE/HOR/H_79_1970-1979.csv.gz (status=404)
2025-03-26 10:35:57,457 | __main__ | INFO | Téléchargement terminé pour le département 75 à l'échelle horaire
2025-03-26 10:35:57,458 | __main__ | INFO | Fichier échelle quotidienne déjà présent pour le département 80
2025-03-26 10:35:57,755 | __main__ | INFO | Téléchargement terminé pour le département 79 à l'échelle horaire
2025-03-26 10:35:58,125 | __main__ | INFO | Téléchargement terminé pour le département 80 à l'échelle horaire
2025-03-26 10:35:58,296 | __main__ | INFO | Téléchargement terminé pour le département 65 à l'échelle horaire
2025-03-26 10:35:58,297 | __main__ | INFO | Fichier échelle quotidienne déjà présent pour le département 81
2025-03-26 10:35:58,418 | __main__ | INFO | Téléchargement terminé pour le département 81 à l'échelle horaire
2025-03-26 10:35:58,502 | __main__ | INFO | Téléchargement terminé pour le département 80 à l'échelle horaire
2025-03-26 10:35:58,521 | __main__ | INFO | Téléchargement terminé pour le département 81 à l'échelle horaire
2025-03-26 10:35:58,597 | __main__ | WARNING | Impossible de DL https://object.files.data.gouv.fr/meteofrance/data/synchro_ftp/BASE/HOR/H_81_1970-1979.csv.gz (status=404)
2025-03-26 10:35:58,866 | __main__ | INFO | Téléchargement terminé pour le département 81 à l'échelle horaire
2025-03-26 10:35:58,967 | __main__ | INFO | Téléchargement terminé pour le département 80 à l'échelle horaire
2025-03-26 10:35:59,275 | __main__ | INFO | Téléchargement terminé pour le département 76 à l'échelle horaire
2025-03-26 10:35:59,790 | __main__ | INFO | Téléchargement terminé pour le département 68 à l'échelle horaire
2025-03-26 10:36:00,318 | __main__ | INFO | Téléchargement terminé pour le département 77 à l'échelle horaire
2025-03-26 10:36:01,162 | __main__ | INFO | Téléchargement terminé pour le département 80 à l'échelle horaire
2025-03-26 10:36:05,488 | __main__ | INFO | Téléchargement terminé pour le département 64 à l'échelle horaire
2025-03-26 10:36:09,756 | __main__ | INFO | Téléchargement terminé pour le département 79 à l'échelle horaire
2025-03-26 10:36:10,279 | __main__ | INFO | Téléchargement terminé pour le département 81 à l'échelle horaire
2025-03-26 10:36:12,400 | __main__ | INFO | Téléchargement terminé pour le département 78 à l'échelle horaire
2025-03-26 10:36:13,780 | __main__ | INFO | Téléchargement terminé pour le département 71 à l'échelle horaire
2025-03-26 10:36:15,954 | __main__ | INFO | Téléchargement terminé pour le département 74 à l'échelle horaire
2025-03-26 10:36:16,240 | __main__ | INFO | Téléchargement terminé pour le département 70 à l'échelle horaire
2025-03-26 10:36:19,692 | __main__ | INFO | Téléchargement terminé pour le département 80 à l'échelle horaire
2025-03-26 10:36:22,329 | __main__ | INFO | Téléchargement terminé pour le département 67 à l'échelle horaire
2025-03-26 10:36:31,790 | __main__ | INFO | Téléchargement terminé pour le département 73 à l'échelle horaire
2025-03-26 10:36:36,425 | __main__ | INFO | Téléchargement terminé pour le département 64 à l'échelle horaire
2025-03-26 10:36:36,426 | __main__ | INFO | Fichier échelle quotidienne déjà présent pour le département 82
2025-03-26 10:36:36,536 | __main__ | INFO | Téléchargement terminé pour le département 69 à l'échelle horaire
2025-03-26 10:36:36,540 | __main__ | WARNING | Impossible de DL https://object.files.data.gouv.fr/meteofrance/data/synchro_ftp/BASE/HOR/H_82_1950-1959.csv.gz (status=404)
2025-03-26 10:36:36,642 | __main__ | WARNING | Impossible de DL https://object.files.data.gouv.fr/meteofrance/data/synchro_ftp/BASE/HOR/H_82_1960-1969.csv.gz (status=404)
2025-03-26 10:36:36,743 | __main__ | WARNING | Impossible de DL https://object.files.data.gouv.fr/meteofrance/data/synchro_ftp/BASE/HOR/H_82_1970-1979.csv.gz (status=404)
2025-03-26 10:36:36,899 | __main__ | INFO | Téléchargement terminé pour le département 82 à l'échelle horaire
2025-03-26 10:36:37,502 | __main__ | INFO | Téléchargement terminé pour le département 66 à l'échelle horaire
2025-03-26 10:36:37,845 | __main__ | INFO | Téléchargement terminé pour le département 70 à l'échelle horaire
2025-03-26 10:36:37,846 | __main__ | INFO | Fichier échelle quotidienne déjà présent pour le département 83
2025-03-26 10:36:39,609 | __main__ | INFO | Téléchargement terminé pour le département 83 à l'échelle horaire
2025-03-26 10:36:40,556 | __main__ | INFO | Téléchargement terminé pour le département 67 à l'échelle horaire
2025-03-26 10:36:40,557 | __main__ | INFO | Fichier échelle quotidienne déjà présent pour le département 84
2025-03-26 10:36:40,932 | __main__ | INFO | Téléchargement terminé pour le département 79 à l'échelle horaire
2025-03-26 10:36:42,684 | __main__ | INFO | Téléchargement terminé pour le département 84 à l'échelle horaire
2025-03-26 10:36:43,142 | __main__ | INFO | Téléchargement terminé pour le département 83 à l'échelle horaire
2025-03-26 10:36:43,628 | __main__ | INFO | Téléchargement terminé pour le département 82 à l'échelle horaire
2025-03-26 10:36:44,242 | __main__ | INFO | Téléchargement terminé pour le département 84 à l'échelle horaire
2025-03-26 10:36:45,683 | __main__ | INFO | Téléchargement terminé pour le département 84 à l'échelle horaire
2025-03-26 10:36:46,036 | __main__ | INFO | Téléchargement terminé pour le département 81 à l'échelle horaire
2025-03-26 10:36:48,021 | __main__ | INFO | Téléchargement terminé pour le département 78 à l'échelle horaire
2025-03-26 10:36:49,226 | __main__ | INFO | Téléchargement terminé pour le département 84 à l'échelle horaire
2025-03-26 10:36:49,914 | __main__ | INFO | Téléchargement terminé pour le département 83 à l'échelle horaire
2025-03-26 10:36:50,387 | __main__ | INFO | Téléchargement terminé pour le département 80 à l'échelle horaire
2025-03-26 10:36:50,853 | __main__ | INFO | Téléchargement terminé pour le département 76 à l'échelle horaire
2025-03-26 10:36:55,621 | __main__ | INFO | Téléchargement terminé pour le département 83 à l'échelle horaire
2025-03-26 10:36:55,639 | __main__ | INFO | Téléchargement terminé pour le département 77 à l'échelle horaire
2025-03-26 10:36:58,572 | __main__ | INFO | Téléchargement terminé pour le département 68 à l'échelle horaire
2025-03-26 10:37:00,099 | __main__ | INFO | Téléchargement terminé pour le département 69 à l'échelle horaire
2025-03-26 10:37:00,100 | __main__ | INFO | Fichier échelle quotidienne déjà présent pour le département 85
2025-03-26 10:37:00,522 | __main__ | INFO | Téléchargement terminé pour le département 85 à l'échelle horaire
2025-03-26 10:37:01,112 | __main__ | INFO | Téléchargement terminé pour le département 85 à l'échelle horaire
2025-03-26 10:37:01,626 | __main__ | INFO | Téléchargement terminé pour le département 85 à l'échelle horaire
2025-03-26 10:37:02,589 | __main__ | INFO | Téléchargement terminé pour le département 85 à l'échelle horaire
2025-03-26 10:37:04,562 | __main__ | INFO | Téléchargement terminé pour le département 82 à l'échelle horaire
2025-03-26 10:37:07,742 | __main__ | INFO | Téléchargement terminé pour le département 63 à l'échelle horaire
2025-03-26 10:37:10,913 | __main__ | INFO | Téléchargement terminé pour le département 71 à l'échelle horaire
2025-03-26 10:37:14,742 | __main__ | INFO | Téléchargement terminé pour le département 76 à l'échelle horaire
2025-03-26 10:37:14,743 | __main__ | INFO | Fichier échelle quotidienne déjà présent pour le département 86
2025-03-26 10:37:15,433 | __main__ | INFO | Téléchargement terminé pour le département 86 à l'échelle horaire
2025-03-26 10:37:15,949 | __main__ | INFO | Téléchargement terminé pour le département 86 à l'échelle horaire
2025-03-26 10:37:16,498 | __main__ | INFO | Téléchargement terminé pour le département 66 à l'échelle horaire
2025-03-26 10:37:16,499 | __main__ | INFO | Fichier échelle quotidienne déjà présent pour le département 87
2025-03-26 10:37:16,692 | __main__ | INFO | Téléchargement terminé pour le département 86 à l'échelle horaire
2025-03-26 10:37:17,019 | __main__ | INFO | Téléchargement terminé pour le département 87 à l'échelle horaire
2025-03-26 10:37:17,647 | __main__ | INFO | Téléchargement terminé pour le département 87 à l'échelle horaire
2025-03-26 10:37:17,719 | __main__ | INFO | Téléchargement terminé pour le département 86 à l'échelle horaire
2025-03-26 10:37:17,901 | __main__ | INFO | Téléchargement terminé pour le département 85 à l'échelle horaire
2025-03-26 10:37:18,332 | __main__ | INFO | Téléchargement terminé pour le département 87 à l'échelle horaire
2025-03-26 10:37:18,989 | __main__ | INFO | Téléchargement terminé pour le département 68 à l'échelle horaire
2025-03-26 10:37:18,990 | __main__ | INFO | Fichier échelle quotidienne déjà présent pour le département 88
2025-03-26 10:37:19,189 | __main__ | WARNING | Impossible de DL https://object.files.data.gouv.fr/meteofrance/data/synchro_ftp/BASE/HOR/H_88_1950-1959.csv.gz (status=404)
2025-03-26 10:37:19,373 | __main__ | INFO | Téléchargement terminé pour le département 88 à l'échelle horaire
2025-03-26 10:37:19,586 | __main__ | INFO | Téléchargement terminé pour le département 87 à l'échelle horaire
2025-03-26 10:37:19,659 | __main__ | INFO | Téléchargement terminé pour le département 88 à l'échelle horaire
2025-03-26 10:37:20,182 | __main__ | INFO | Téléchargement terminé pour le département 88 à l'échelle horaire
2025-03-26 10:37:21,543 | __main__ | INFO | Téléchargement terminé pour le département 79 à l'échelle horaire
2025-03-26 10:37:21,899 | __main__ | INFO | Téléchargement terminé pour le département 88 à l'échelle horaire
2025-03-26 10:37:24,843 | __main__ | INFO | Téléchargement terminé pour le département 81 à l'échelle horaire
2025-03-26 10:37:25,598 | __main__ | INFO | Téléchargement terminé pour le département 84 à l'échelle horaire
2025-03-26 10:37:28,990 | __main__ | INFO | Téléchargement terminé pour le département 83 à l'échelle horaire
2025-03-26 10:37:31,295 | __main__ | INFO | Téléchargement terminé pour le département 87 à l'échelle horaire
2025-03-26 10:37:32,457 | __main__ | INFO | Téléchargement terminé pour le département 78 à l'échelle horaire
2025-03-26 10:37:32,644 | __main__ | INFO | Téléchargement terminé pour le département 80 à l'échelle horaire
2025-03-26 10:37:33,114 | __main__ | INFO | Téléchargement terminé pour le département 71 à l'échelle horaire
2025-03-26 10:37:33,115 | __main__ | INFO | Fichier échelle quotidienne déjà présent pour le département 89
2025-03-26 10:37:33,731 | __main__ | INFO | Téléchargement terminé pour le département 89 à l'échelle horaire
2025-03-26 10:37:34,604 | __main__ | INFO | Téléchargement terminé pour le département 89 à l'échelle horaire
2025-03-26 10:37:35,724 | __main__ | INFO | Téléchargement terminé pour le département 89 à l'échelle horaire
2025-03-26 10:37:37,075 | __main__ | INFO | Téléchargement terminé pour le département 89 à l'échelle horaire
2025-03-26 10:37:38,355 | __main__ | INFO | Téléchargement terminé pour le département 82 à l'échelle horaire
2025-03-26 10:37:41,427 | __main__ | INFO | Téléchargement terminé pour le département 88 à l'échelle horaire
2025-03-26 10:37:44,635 | __main__ | INFO | Téléchargement terminé pour le département 79 à l'échelle horaire
2025-03-26 10:37:44,636 | __main__ | INFO | Fichier échelle quotidienne déjà présent pour le département 90
2025-03-26 10:37:45,146 | __main__ | INFO | Téléchargement terminé pour le département 86 à l'échelle horaire
2025-03-26 10:37:45,176 | __main__ | INFO | Téléchargement terminé pour le département 90 à l'échelle horaire
2025-03-26 10:37:45,686 | __main__ | INFO | Téléchargement terminé pour le département 81 à l'échelle horaire
2025-03-26 10:37:45,687 | __main__ | INFO | Fichier échelle quotidienne déjà présent pour le département 91
2025-03-26 10:37:45,964 | __main__ | INFO | Téléchargement terminé pour le département 90 à l'échelle horaire
2025-03-26 10:37:46,495 | __main__ | INFO | Téléchargement terminé pour le département 90 à l'échelle horaire
2025-03-26 10:37:47,006 | __main__ | INFO | Téléchargement terminé pour le département 90 à l'échelle horaire
2025-03-26 10:37:47,099 | __main__ | INFO | Téléchargement terminé pour le département 78 à l'échelle horaire
2025-03-26 10:37:47,100 | __main__ | INFO | Fichier échelle quotidienne déjà présent pour le département 92
2025-03-26 10:37:47,207 | __main__ | WARNING | Impossible de DL https://object.files.data.gouv.fr/meteofrance/data/synchro_ftp/BASE/HOR/H_92_1950-1959.csv.gz (status=404)
2025-03-26 10:37:47,334 | __main__ | WARNING | Impossible de DL https://object.files.data.gouv.fr/meteofrance/data/synchro_ftp/BASE/HOR/H_92_1960-1969.csv.gz (status=404)
2025-03-26 10:37:47,501 | __main__ | WARNING | Impossible de DL https://object.files.data.gouv.fr/meteofrance/data/synchro_ftp/BASE/HOR/H_92_1970-1979.csv.gz (status=404)
2025-03-26 10:37:47,684 | __main__ | WARNING | Impossible de DL https://object.files.data.gouv.fr/meteofrance/data/synchro_ftp/BASE/HOR/H_92_1980-1989.csv.gz (status=404)
2025-03-26 10:37:47,886 | __main__ | INFO | Téléchargement terminé pour le département 91 à l'échelle horaire
2025-03-26 10:37:48,234 | __main__ | INFO | Téléchargement terminé pour le département 92 à l'échelle horaire
2025-03-26 10:37:49,176 | __main__ | INFO | Téléchargement terminé pour le département 92 à l'échelle horaire
2025-03-26 10:37:49,591 | __main__ | INFO | Téléchargement terminé pour le département 63 à l'échelle horaire
2025-03-26 10:37:49,592 | __main__ | INFO | Fichier échelle quotidienne déjà présent pour le département 93
2025-03-26 10:37:49,798 | __main__ | INFO | Téléchargement terminé pour le département 92 à l'échelle horaire
2025-03-26 10:37:49,814 | __main__ | WARNING | Impossible de DL https://object.files.data.gouv.fr/meteofrance/data/synchro_ftp/BASE/HOR/H_93_1950-1959.csv.gz (status=404)
2025-03-26 10:37:49,950 | __main__ | WARNING | Impossible de DL https://object.files.data.gouv.fr/meteofrance/data/synchro_ftp/BASE/HOR/H_93_1960-1969.csv.gz (status=404)
2025-03-26 10:37:50,098 | __main__ | WARNING | Impossible de DL https://object.files.data.gouv.fr/meteofrance/data/synchro_ftp/BASE/HOR/H_93_1970-1979.csv.gz (status=404)
2025-03-26 10:37:50,306 | __main__ | WARNING | Impossible de DL https://object.files.data.gouv.fr/meteofrance/data/synchro_ftp/BASE/HOR/H_93_1980-1989.csv.gz (status=404)
2025-03-26 10:37:50,407 | __main__ | INFO | Téléchargement terminé pour le département 92 à l'échelle horaire
2025-03-26 10:37:50,408 | __main__ | INFO | Fichier échelle quotidienne déjà présent pour le département 94
2025-03-26 10:37:50,590 | __main__ | INFO | Téléchargement terminé pour le département 82 à l'échelle horaire
2025-03-26 10:37:50,591 | __main__ | INFO | Fichier échelle quotidienne déjà présent pour le département 95
2025-03-26 10:37:50,770 | __main__ | INFO | Téléchargement terminé pour le département 80 à l'échelle horaire
2025-03-26 10:37:50,806 | __main__ | INFO | Téléchargement terminé pour le département 93 à l'échelle horaire
2025-03-26 10:37:50,829 | __main__ | INFO | Téléchargement terminé pour le département 91 à l'échelle horaire
2025-03-26 10:37:50,834 | __main__ | INFO | Téléchargement terminé pour le département 94 à l'échelle horaire
2025-03-26 10:37:50,879 | __main__ | INFO | Téléchargement terminé pour le département 90 à l'échelle horaire
2025-03-26 10:37:51,137 | __main__ | INFO | Téléchargement terminé pour le département 89 à l'échelle horaire
2025-03-26 10:37:51,217 | __main__ | INFO | Téléchargement terminé pour le département 94 à l'échelle horaire
2025-03-26 10:37:51,239 | __main__ | INFO | Téléchargement terminé pour le département 95 à l'échelle horaire
2025-03-26 10:37:51,492 | __main__ | INFO | Téléchargement terminé pour le département 94 à l'échelle horaire
2025-03-26 10:37:51,659 | __main__ | INFO | Téléchargement terminé pour le département 93 à l'échelle horaire
2025-03-26 10:37:51,827 | __main__ | INFO | Téléchargement terminé pour le département 94 à l'échelle horaire
2025-03-26 10:37:51,852 | __main__ | INFO | Téléchargement terminé pour le département 93 à l'échelle horaire
2025-03-26 10:37:52,192 | __main__ | INFO | Téléchargement terminé pour le département 91 à l'échelle horaire
2025-03-26 10:37:52,269 | __main__ | INFO | Téléchargement terminé pour le département 93 à l'échelle horaire
2025-03-26 10:37:52,499 | __main__ | INFO | Téléchargement terminé pour le département 94 à l'échelle horaire
2025-03-26 10:37:52,774 | __main__ | INFO | Téléchargement terminé pour le département 95 à l'échelle horaire
2025-03-26 10:37:53,332 | __main__ | INFO | Téléchargement terminé pour le département 94 à l'échelle horaire
2025-03-26 10:37:53,376 | __main__ | INFO | Téléchargement terminé pour le département 91 à l'échelle horaire
2025-03-26 10:37:54,160 | __main__ | INFO | Téléchargement terminé pour le département 95 à l'échelle horaire
2025-03-26 10:37:54,907 | __main__ | INFO | Téléchargement terminé pour le département 95 à l'échelle horaire
